[04:04:10] Main/Log: Name: Player => None
[04:04:10] Main/Log: Name: Player => None
[04:04:10] Main/Log: Name: Player => None
[04:04:10] Main/Log: Name: Player => None
[04:04:10] Main/Log: Name: Player => None
[04:04:10] Main/Log: Name: PlayerModel => None
[04:04:10] Main/Log: Name: PlayerModel => None
[04:04:10] Main/Log: Name: PlayerModel => None
[04:04:10] Main/Log: Name: PlayerModel => None
[04:04:10] Main/Log: Name: PlayerModel => None
[04:04:10] Main/Log: Name: PlayerModel => None
[04:04:10] Main/Log: Name: PlayerModel => None
[04:04:10] Main/Log: Name: PlayerModel => None
[04:04:10] Main/Log: Name: PlayerModel => None
[04:04:10] Main/Log: Name: PlayerModel => None
[04:04:10] Main/Log: Name: PlayerModel => None
[04:04:10] Main/Log: Name: PlayerModel => None
[04:04:10] Main/Log: Name: PlayerModel => None
[04:04:10] Main/Log: Name: PlayerModel => None
[04:04:10] Main/Log: Name: PlayerModel => None
[04:04:10] Main/Log: Name: PlayerModel => None
[04:04:10] Main/Log: Name: PlayerModel => None
[04:04:10] Main/Log: Name: PlayerModel => None
[04:04:10] Main/Log: Name: PlayerModel => None
[04:04:10] Main/Log: Name: PlayerModel => None
[04:04:10] Main/Log: Name: PlayerModel => None
[04:04:10] Main/Log: Name: PlayerModel => None
[04:04:10] Main/Log: Name: PlayerModel => None
[04:04:10] Main/Log: Name: PlayerModel => None
[04:04:10] Main/Log: Name: PlayerModel => None
[04:04:10] Main/Log: Name: PlayerModel => None
[04:04:10] Main/Log: Name: PlayerModel => None
[04:04:10] Main/Log: Name: PlayerModel => None
[04:04:10] Main/Log: Name: PlayerModel => None
[04:04:10] Main/Log: Name: PlayerModel => None
[04:04:10] Main/Log: Name: PlayerModel => None
[04:04:10] Main/Log: Name: PlayerModel => None
[04:04:10] Main/Log: Name: PlayerModel => None
[04:04:10] Main/Log: Name: PlayerModel => None
[04:04:10] Main/Log: Name: PlayerModel => None
[04:04:10] Main/Log: Name: PlayerModel => None
[04:04:10] Main/Log: Name: Camera => None
[04:04:10] Main/Log: Name: Camera => None
[04:04:10] Main/Log: Name: Camera => None
[04:04:10] Main/Log: Name: Camera => None
[04:04:10] Main/Log: Name: Camera => None
[04:04:10] Main/Log: Name: Camera => None
[04:04:10] Main/Log: Name: Camera => None
[04:04:10] Main/Log: Name: Camera => None
[04:04:10] Main/Log: DirectX: 45
[04:04:10] Main/Log: Max FPS: -1
[04:04:11] Main/Log: Time set to Midnight! (54000)
[04:04:11] Main/Log: Started loading GTA.
[04:04:11] Main/Log: Loading loose archive: D:/JUEGOS/KPS GTA San Andreas
[04:04:11] Main/Log: Loading image archive: D:/JUEGOS/KPS GTA San Andreas/models/gta3.img
[04:04:11] Main/Log: New image archive extension: ".dff" for: "bbb_lr_slv1.dff"
[04:04:11] Main/Log: New image archive extension: ".col" for: "veh_mods.col"
[04:04:11] Main/Log: New image archive extension: ".txd" for: "bistro.txd"
[04:04:11] Main/Log: New image archive extension: ".ipl" for: "levelmap_stream0.ipl"
[04:04:11] Main/Log: New image archive extension: ".ifp" for: "levelxre.ifp"
[04:04:11] Main/Log: New image archive extension: ".dat" for: "nodes0.dat"
[04:04:11] Main/Log: Loading image archive: D:/JUEGOS/KPS GTA San Andreas/models/gta_int.img
[04:04:11] Main/Log: New image archive extension: ".dff" for: "ammo_box_c2.dff"
[04:04:11] Main/Log: New image archive extension: ".txd" for: "barrier.txd"
[04:04:11] Main/Log: New image archive extension: ".col" for: "proc_int.col"
[04:04:11] Main/Log: New image archive extension: ".ifp" for: "props2.ifp"
[04:04:11] Main/Log: New image archive extension: ".ipl" for: "int_la_stream0.ipl"
[04:04:11] Main/Log: Loading image archive: D:/JUEGOS/KPS GTA San Andreas/models/player.img
[04:04:11] Main/Log: New image archive extension: ".dff" for: "afro.dff"
[04:04:11] Main/Log: New image archive extension: ".txd" for: "10ls.txd"
[04:04:11] Main/Log: Loading image archive: D:/JUEGOS/KPS GTA San Andreas/anim/anim.img
[04:04:11] Main/Log: New image archive extension: ".ifp" for: "airport.ifp"
[04:04:11] Main/Log: Loading image archive: D:/JUEGOS/KPS GTA San Andreas/anim/cuts.img
[04:04:11] Main/Log: New image archive extension: ".ifp" for: "bcesa4w.ifp"
[04:04:11] Main/Log: New image archive extension: ".cut" for: "bcesa4w.cut"
[04:04:11] Main/Log: New image archive extension: ".dat" for: "bcesa4w.dat"
[04:04:11] Main/Log: Loading image archive: D:/JUEGOS/KPS GTA San Andreas/models/cutscene.img
[04:04:11] Main/Log: New image archive extension: ".dff" for: "beer_girla.dff"
[04:04:11] Main/Log: New image archive extension: ".txd" for: "beer_girla.txd"
[04:04:11] Main/Log: Loading image archive: D:/JUEGOS/KPS GTA San Andreas/data/paths/carrec.img
[04:04:11] Main/Log: New image archive extension: ".rrr" for: "carrec001.rrr"
[04:04:11] Main/Log: Loading image archive: D:/JUEGOS/KPS GTA San Andreas/data/script/script.img
[04:04:11] Main/Log: New image archive extension: ".scm" for: "aaa.scm"
[04:04:11] Main/Log: Archive load time: 524,64 ms
[04:04:11] Main/Warning: Error while reading peds.col at 0x1834 (28%)
             Stacktrace: UnityEngine.Debug:LogWarningFormat(String, Object[])
                         SanAndreasUnity.Importing.Collision.CollisionFile:Load(String) (at Assets/Scripts/Importing/Collision/CollisionFile.cs:72)
                         SanAndreasUnity.Behaviours.Loader:StaticUpdate() (at Assets/Scripts/Behaviours/Loader.cs:88)
                         SanAndreasUnity.Behaviours.Loader:Update() (at Assets/Scripts/Behaviours/Loader.cs:172)

[04:04:11] Main/Warning: Requested value 'OLL?' was not found.
             Stacktrace: UnityEngine.Debug:LogWarning(Object)
                         SanAndreasUnity.Importing.Collision.CollisionFile:Load(String) (at Assets/Scripts/Importing/Collision/CollisionFile.cs:74)
                         SanAndreasUnity.Behaviours.Loader:StaticUpdate() (at Assets/Scripts/Behaviours/Loader.cs:88)
                         SanAndreasUnity.Behaviours.Loader:Update() (at Assets/Scripts/Behaviours/Loader.cs:172)

[04:04:11] Main/Log: Known problem (size off by one). Attempting to fix by adjusting read pointer...
[04:04:11] Main/Warning: Error while reading peds.col at 0x232f (41%)
             Stacktrace: UnityEngine.Debug:LogWarningFormat(String, Object[])
                         SanAndreasUnity.Importing.Collision.CollisionFile:Load(String) (at Assets/Scripts/Importing/Collision/CollisionFile.cs:72)
                         SanAndreasUnity.Behaviours.Loader:StaticUpdate() (at Assets/Scripts/Behaviours/Loader.cs:88)
                         SanAndreasUnity.Behaviours.Loader:Update() (at Assets/Scripts/Behaviours/Loader.cs:172)

[04:04:11] Main/Warning: Requested value 'OLL?' was not found.
             Stacktrace: UnityEngine.Debug:LogWarning(Object)
                         SanAndreasUnity.Importing.Collision.CollisionFile:Load(String) (at Assets/Scripts/Importing/Collision/CollisionFile.cs:74)
                         SanAndreasUnity.Behaviours.Loader:StaticUpdate() (at Assets/Scripts/Behaviours/Loader.cs:88)
                         SanAndreasUnity.Behaviours.Loader:Update() (at Assets/Scripts/Behaviours/Loader.cs:172)

[04:04:11] Main/Log: Known problem (size off by one). Attempting to fix by adjusting read pointer...
[04:04:11] Main/Log: Known problem (duplicate ct_man2 collision). Skipping...
[04:04:11] Main/Warning: Error while reading peds.col at 0x4c12 (90%)
             Stacktrace: UnityEngine.Debug:LogWarningFormat(String, Object[])
                         SanAndreasUnity.Importing.Collision.CollisionFile:Load(String) (at Assets/Scripts/Importing/Collision/CollisionFile.cs:72)
                         SanAndreasUnity.Behaviours.Loader:StaticUpdate() (at Assets/Scripts/Behaviours/Loader.cs:88)
                         SanAndreasUnity.Behaviours.Loader:Update() (at Assets/Scripts/Behaviours/Loader.cs:172)

[04:04:12] Main/Warning: Requested value 'OLL?' was not found.
             Stacktrace: UnityEngine.Debug:LogWarning(Object)
                         SanAndreasUnity.Importing.Collision.CollisionFile:Load(String) (at Assets/Scripts/Importing/Collision/CollisionFile.cs:74)
                         SanAndreasUnity.Behaviours.Loader:StaticUpdate() (at Assets/Scripts/Behaviours/Loader.cs:88)
                         SanAndreasUnity.Behaviours.Loader:Update() (at Assets/Scripts/Behaviours/Loader.cs:172)

[04:04:12] Main/Log: Known problem (size off by one). Attempting to fix by adjusting read pointer...
[04:04:12] Main/Log: Number of collision files 254
[04:04:12] Main/Log: Collision load time: 251,94 ms
[04:04:13] Main/Log: Item info load time: 999,19 ms
[04:04:13] Main/Log: Handling info load time: 21,76 ms
[04:04:13] Main/Log: Animation group info load time: 4,10 ms
[04:04:13] Main/Log: Entries: 199
[04:04:13] Main/Log: Car color info load time: 29,49 ms
[04:04:13] Main/Warning: Invalid texture used for cursor - check importer settings
             Stacktrace: UnityEngine.Cursor:SetCursor(Texture2D, Vector2, CursorMode)
                         SanAndreasUnity.Behaviours.Loader:StaticUpdate() (at Assets/Scripts/Behaviours/Loader.cs:160)
                         SanAndreasUnity.Behaviours.Loader:Update() (at Assets/Scripts/Behaviours/Loader.cs:172)

[04:04:13] Main/Log: special texture load time: 30,41 ms
[04:04:13] Main/Log: GTA loading finished.
[04:04:15] Main/Log: Num static geometries 45088.
[04:04:15] Main/Log: Num parked vehicles 1045.
[04:04:15] Main/Log: Cell partitioning time: 2494,28 ms
[04:04:15] Main/Log: Loading water file: "D:/JUEGOS/KPS GTA San Andreas/data/water.dat" with 307 faces
[04:04:15] Main/Log: Water load time: 30,97 ms
[04:04:15] Main/Log: Noise gen time: 4,57 ms
[04:04:15] Main/Log: Loading pedestrian model after startup.
[04:04:16] Main/Exception: ArgumentException: File "vegaswaterfall02.dff" is not a Clump!
                           Parameter name: name

               Stacktrace: SanAndreasUnity.Importing.Archive.ArchiveManager.ReadFile[TSection] (System.String name) (at Assets/Scripts/Importing/Archive/ArchiveManager.cs:70)
                           SanAndreasUnity.Importing.Conversion.Geometry.Load (System.String modelName, SanAndreasUnity.Importing.Conversion.TextureDictionary[] txds) (at Assets/Scripts/Importing/Conversion/Geometry.cs:510)
                           SanAndreasUnity.Importing.Conversion.Geometry.Load (System.String modelName, System.String[] texDictNames) (at Assets/Scripts/Importing/Conversion/Geometry.cs:498)
                           SanAndreasUnity.Behaviours.World.StaticGeometry.OnLoad () (at Assets/Scripts/Behaviours/World/StaticGeometry.cs:122)
                           SanAndreasUnity.Behaviours.MapObject.Show () (at Assets/Scripts/Behaviours/MapObject.cs:116)
                           SanAndreasUnity.Behaviours.World.Division.LoadWhile (System.Func`1[TResult] predicate) (at Assets/Scripts/Behaviours/World/Division.cs:301)
                           SanAndreasUnity.Behaviours.World.Cell.Update () (at Assets/Scripts/Behaviours/World/Cell.cs:129)

