[07:41:40] Main/Log: Name: Player => None
[07:41:40] Main/Log: Name: Player => None
[07:41:40] Main/Log: Name: Player => None
[07:41:40] Main/Log: Name: Player => None
[07:41:40] Main/Log: Name: Player => None
[07:41:40] Main/Log: Name: PlayerModel => None
[07:41:40] Main/Log: Name: PlayerModel => None
[07:41:40] Main/Log: Name: PlayerModel => None
[07:41:40] Main/Log: Name: PlayerModel => None
[07:41:40] Main/Log: Name: PlayerModel => None
[07:41:40] Main/Log: Name: PlayerModel => None
[07:41:40] Main/Log: Name: PlayerModel => None
[07:41:40] Main/Log: Name: PlayerModel => None
[07:41:40] Main/Log: Name: PlayerModel => None
[07:41:40] Main/Log: Name: PlayerModel => None
[07:41:40] Main/Log: Name: PlayerModel => None
[07:41:40] Main/Log: Name: PlayerModel => None
[07:41:40] Main/Log: Name: PlayerModel => None
[07:41:40] Main/Log: Name: PlayerModel => None
[07:41:40] Main/Log: Name: PlayerModel => None
[07:41:40] Main/Log: Name: PlayerModel => None
[07:41:40] Main/Log: Name: PlayerModel => None
[07:41:40] Main/Log: Name: PlayerModel => None
[07:41:40] Main/Log: Name: PlayerModel => None
[07:41:40] Main/Log: Name: PlayerModel => None
[07:41:40] Main/Log: Name: PlayerModel => None
[07:41:40] Main/Log: Name: PlayerModel => None
[07:41:40] Main/Log: Name: PlayerModel => None
[07:41:40] Main/Log: Name: PlayerModel => None
[07:41:40] Main/Log: Name: PlayerModel => None
[07:41:40] Main/Log: Name: PlayerModel => None
[07:41:40] Main/Log: Name: PlayerModel => None
[07:41:40] Main/Log: Name: PlayerModel => None
[07:41:40] Main/Log: Name: PlayerModel => None
[07:41:40] Main/Log: Name: PlayerModel => None
[07:41:40] Main/Log: Name: PlayerModel => None
[07:41:40] Main/Log: Name: PlayerModel => None
[07:41:40] Main/Log: Name: PlayerModel => None
[07:41:40] Main/Log: Name: PlayerModel => None
[07:41:40] Main/Log: Name: PlayerModel => None
[07:41:40] Main/Log: Name: PlayerModel => None
[07:41:40] Main/Log: Name: PlayerModel => None
[07:41:40] Main/Log: Name: PlayerModel => None
[07:41:40] Main/Log: Name: Camera => None
[07:41:40] Main/Log: Name: Camera => None
[07:41:40] Main/Log: Name: Camera => None
[07:41:40] Main/Log: Name: Camera => None
[07:41:40] Main/Log: Name: Camera => None
[07:41:40] Main/Log: Name: Camera => None
[07:41:40] Main/Log: Name: Camera => None
[07:41:40] Main/Log: Name: Camera => None
[07:41:40] Main/Log: DirectX: 45
[07:41:40] Main/Log: Max FPS: -1
[07:41:40] Main/Log: Time set to Midnight! (54000)
[07:41:40] Main/Log: Started loading GTA.
[07:41:40] Main/Log: Loading loose archive: D:/JUEGOS/KPS GTA San Andreas
[07:41:40] Main/Log: Loading image archive: D:/JUEGOS/KPS GTA San Andreas/models/gta3.img
[07:41:40] Main/Log: New image archive extension: ".dff" for: "bbb_lr_slv1.dff"
[07:41:40] Main/Log: New image archive extension: ".col" for: "veh_mods.col"
[07:41:40] Main/Log: New image archive extension: ".txd" for: "bistro.txd"
[07:41:40] Main/Log: New image archive extension: ".ipl" for: "levelmap_stream0.ipl"
[07:41:40] Main/Log: New image archive extension: ".ifp" for: "levelxre.ifp"
[07:41:40] Main/Log: New image archive extension: ".dat" for: "nodes0.dat"
[07:41:40] Main/Log: Loading image archive: D:/JUEGOS/KPS GTA San Andreas/models/gta_int.img
[07:41:40] Main/Log: New image archive extension: ".dff" for: "ammo_box_c2.dff"
[07:41:40] Main/Log: New image archive extension: ".txd" for: "barrier.txd"
[07:41:40] Main/Log: New image archive extension: ".col" for: "proc_int.col"
[07:41:40] Main/Log: New image archive extension: ".ifp" for: "props2.ifp"
[07:41:40] Main/Log: New image archive extension: ".ipl" for: "int_la_stream0.ipl"
[07:41:40] Main/Log: Loading image archive: D:/JUEGOS/KPS GTA San Andreas/models/player.img
[07:41:40] Main/Log: New image archive extension: ".dff" for: "afro.dff"
[07:41:40] Main/Log: New image archive extension: ".txd" for: "10ls.txd"
[07:41:40] Main/Log: Loading image archive: D:/JUEGOS/KPS GTA San Andreas/anim/anim.img
[07:41:40] Main/Log: New image archive extension: ".ifp" for: "airport.ifp"
[07:41:40] Main/Log: Loading image archive: D:/JUEGOS/KPS GTA San Andreas/anim/cuts.img
[07:41:40] Main/Log: New image archive extension: ".ifp" for: "bcesa4w.ifp"
[07:41:40] Main/Log: New image archive extension: ".cut" for: "bcesa4w.cut"
[07:41:40] Main/Log: New image archive extension: ".dat" for: "bcesa4w.dat"
[07:41:40] Main/Log: Loading image archive: D:/JUEGOS/KPS GTA San Andreas/models/cutscene.img
[07:41:40] Main/Log: New image archive extension: ".dff" for: "beer_girla.dff"
[07:41:40] Main/Log: New image archive extension: ".txd" for: "beer_girla.txd"
[07:41:40] Main/Log: Loading image archive: D:/JUEGOS/KPS GTA San Andreas/data/paths/carrec.img
[07:41:40] Main/Log: New image archive extension: ".rrr" for: "carrec001.rrr"
[07:41:40] Main/Log: Loading image archive: D:/JUEGOS/KPS GTA San Andreas/data/script/script.img
[07:41:40] Main/Log: New image archive extension: ".scm" for: "aaa.scm"
[07:41:40] Main/Log: Archive load time: 508,08 ms
[07:41:41] Main/Warning: Error while reading peds.col at 0x1834 (28%)
             Stacktrace: UnityEngine.Debug:LogWarningFormat(String, Object[])
                         SanAndreasUnity.Importing.Collision.CollisionFile:Load(String) (at Assets/Scripts/Importing/Collision/CollisionFile.cs:72)
                         SanAndreasUnity.Behaviours.Loader:StaticUpdate() (at Assets/Scripts/Behaviours/Loader.cs:88)
                         SanAndreasUnity.Behaviours.Loader:Update() (at Assets/Scripts/Behaviours/Loader.cs:172)

[07:41:41] Main/Warning: Requested value 'OLL?' was not found.
             Stacktrace: UnityEngine.Debug:LogWarning(Object)
                         SanAndreasUnity.Importing.Collision.CollisionFile:Load(String) (at Assets/Scripts/Importing/Collision/CollisionFile.cs:74)
                         SanAndreasUnity.Behaviours.Loader:StaticUpdate() (at Assets/Scripts/Behaviours/Loader.cs:88)
                         SanAndreasUnity.Behaviours.Loader:Update() (at Assets/Scripts/Behaviours/Loader.cs:172)

[07:41:41] Main/Log: Known problem (size off by one). Attempting to fix by adjusting read pointer...
[07:41:41] Main/Warning: Error while reading peds.col at 0x232f (41%)
             Stacktrace: UnityEngine.Debug:LogWarningFormat(String, Object[])
                         SanAndreasUnity.Importing.Collision.CollisionFile:Load(String) (at Assets/Scripts/Importing/Collision/CollisionFile.cs:72)
                         SanAndreasUnity.Behaviours.Loader:StaticUpdate() (at Assets/Scripts/Behaviours/Loader.cs:88)
                         SanAndreasUnity.Behaviours.Loader:Update() (at Assets/Scripts/Behaviours/Loader.cs:172)

[07:41:41] Main/Warning: Requested value 'OLL?' was not found.
             Stacktrace: UnityEngine.Debug:LogWarning(Object)
                         SanAndreasUnity.Importing.Collision.CollisionFile:Load(String) (at Assets/Scripts/Importing/Collision/CollisionFile.cs:74)
                         SanAndreasUnity.Behaviours.Loader:StaticUpdate() (at Assets/Scripts/Behaviours/Loader.cs:88)
                         SanAndreasUnity.Behaviours.Loader:Update() (at Assets/Scripts/Behaviours/Loader.cs:172)

[07:41:41] Main/Log: Known problem (size off by one). Attempting to fix by adjusting read pointer...
[07:41:41] Main/Log: Known problem (duplicate ct_man2 collision). Skipping...
[07:41:41] Main/Warning: Error while reading peds.col at 0x4c12 (90%)
             Stacktrace: UnityEngine.Debug:LogWarningFormat(String, Object[])
                         SanAndreasUnity.Importing.Collision.CollisionFile:Load(String) (at Assets/Scripts/Importing/Collision/CollisionFile.cs:72)
                         SanAndreasUnity.Behaviours.Loader:StaticUpdate() (at Assets/Scripts/Behaviours/Loader.cs:88)
                         SanAndreasUnity.Behaviours.Loader:Update() (at Assets/Scripts/Behaviours/Loader.cs:172)

[07:41:41] Main/Warning: Requested value 'OLL?' was not found.
             Stacktrace: UnityEngine.Debug:LogWarning(Object)
                         SanAndreasUnity.Importing.Collision.CollisionFile:Load(String) (at Assets/Scripts/Importing/Collision/CollisionFile.cs:74)
                         SanAndreasUnity.Behaviours.Loader:StaticUpdate() (at Assets/Scripts/Behaviours/Loader.cs:88)
                         SanAndreasUnity.Behaviours.Loader:Update() (at Assets/Scripts/Behaviours/Loader.cs:172)

[07:41:41] Main/Log: Known problem (size off by one). Attempting to fix by adjusting read pointer...
[07:41:41] Main/Log: Number of collision files 254
[07:41:41] Main/Log: Collision load time: 271,63 ms
[07:41:42] Main/Log: Item info load time: 897,74 ms
[07:42:00] Main/Log: Handling info load time: 18530,14 ms
[07:42:00] Main/Log: Animation group info load time: 5,64 ms
[07:42:02] Main/Log: Entries: 199
[07:42:02] Main/Log: Car color info load time: 11,60 ms
[07:42:02] Main/Warning: Invalid texture used for cursor - check importer settings
             Stacktrace: UnityEngine.Cursor:SetCursor(Texture2D, Vector2, CursorMode)
                         SanAndreasUnity.Behaviours.Loader:StaticUpdate() (at Assets/Scripts/Behaviours/Loader.cs:160)
                         SanAndreasUnity.Behaviours.Loader:Update() (at Assets/Scripts/Behaviours/Loader.cs:172)

[07:42:02] Main/Log: special texture load time: 32,20 ms
[07:42:02] Main/Log: GTA loading finished.
[07:42:04] Main/Log: Num static geometries 45088.
[07:42:04] Main/Log: Num parked vehicles 1045.
[07:42:05] Main/Log: Cell partitioning time: 2478,46 ms
[07:42:05] Main/Log: Loading water file: "D:/JUEGOS/KPS GTA San Andreas/data/water.dat" with 307 faces
[07:42:05] Main/Log: Water load time: 41,24 ms
[07:42:05] Main/Log: Noise gen time: 5,40 ms
[07:42:05] Main/Log: Loading pedestrian model after startup.
