[05:41:37] Main/Log: Name: Player => None
[05:41:37] Main/Log: Name: Player => None
[05:41:37] Main/Log: Name: Player => None
[05:41:37] Main/Log: Name: Player => None
[05:41:37] Main/Log: Name: Player => None
[05:41:37] Main/Log: Name: Player => None
[05:41:37] Main/Log: Name: PlayerModel => None
[05:41:37] Main/Log: Name: PlayerModel => None
[05:41:37] Main/Log: Name: PlayerModel => None
[05:41:37] Main/Log: Name: PlayerModel => None
[05:41:37] Main/Log: Name: PlayerModel => None
[05:41:37] Main/Log: Name: PlayerModel => None
[05:41:37] Main/Log: Name: PlayerModel => None
[05:41:37] Main/Log: Name: PlayerModel => None
[05:41:37] Main/Log: Name: PlayerModel => None
[05:41:37] Main/Log: Name: PlayerModel => None
[05:41:37] Main/Log: Name: PlayerModel => None
[05:41:37] Main/Log: Name: PlayerModel => None
[05:41:37] Main/Log: Name: PlayerModel => None
[05:41:37] Main/Log: Name: PlayerModel => None
[05:41:37] Main/Log: Name: PlayerModel => None
[05:41:37] Main/Log: Name: PlayerModel => None
[05:41:37] Main/Log: Name: PlayerModel => None
[05:41:37] Main/Log: Name: Camera => None
[05:41:37] Main/Log: Name: Camera => None
[05:41:37] Main/Log: Name: Camera => None
[05:41:37] Main/Log: Name: Camera => None
[05:41:37] Main/Log: DirectX: 45
[05:41:37] Main/Log: Max FPS: -1
[05:41:37] Main/Log: Time set to Midnight! (54000)
[05:41:37] Main/Log: Started loading GTA.
[05:41:37] Main/Log: Loading loose archive: D:/JUEGOS/KPS GTA San Andreas
[05:41:37] Main/Log: Loading image archive: D:/JUEGOS/KPS GTA San Andreas/models/gta3.img
[05:41:37] Main/Log: New image archive extension: ".dff" for: "bbb_lr_slv1.dff"
[05:41:37] Main/Log: New image archive extension: ".col" for: "veh_mods.col"
[05:41:37] Main/Log: New image archive extension: ".txd" for: "bistro.txd"
[05:41:37] Main/Log: New image archive extension: ".ipl" for: "levelmap_stream0.ipl"
[05:41:37] Main/Log: New image archive extension: ".ifp" for: "levelxre.ifp"
[05:41:38] Main/Log: New image archive extension: ".dat" for: "nodes0.dat"
[05:41:38] Main/Log: Loading image archive: D:/JUEGOS/KPS GTA San Andreas/models/gta_int.img
[05:41:38] Main/Log: New image archive extension: ".dff" for: "ammo_box_c2.dff"
[05:41:38] Main/Log: New image archive extension: ".txd" for: "barrier.txd"
[05:41:38] Main/Log: New image archive extension: ".col" for: "proc_int.col"
[05:41:38] Main/Log: New image archive extension: ".ifp" for: "props2.ifp"
[05:41:38] Main/Log: New image archive extension: ".ipl" for: "int_la_stream0.ipl"
[05:41:38] Main/Log: Loading image archive: D:/JUEGOS/KPS GTA San Andreas/models/player.img
[05:41:38] Main/Log: New image archive extension: ".dff" for: "afro.dff"
[05:41:38] Main/Log: New image archive extension: ".txd" for: "10ls.txd"
[05:41:38] Main/Log: Loading image archive: D:/JUEGOS/KPS GTA San Andreas/anim/anim.img
[05:41:38] Main/Log: New image archive extension: ".ifp" for: "airport.ifp"
[05:41:38] Main/Log: Loading image archive: D:/JUEGOS/KPS GTA San Andreas/anim/cuts.img
[05:41:38] Main/Log: New image archive extension: ".ifp" for: "bcesa4w.ifp"
[05:41:38] Main/Log: New image archive extension: ".cut" for: "bcesa4w.cut"
[05:41:38] Main/Log: New image archive extension: ".dat" for: "bcesa4w.dat"
[05:41:38] Main/Log: Loading image archive: D:/JUEGOS/KPS GTA San Andreas/models/cutscene.img
[05:41:38] Main/Log: New image archive extension: ".dff" for: "beer_girla.dff"
[05:41:38] Main/Log: New image archive extension: ".txd" for: "beer_girla.txd"
[05:41:38] Main/Log: Loading image archive: D:/JUEGOS/KPS GTA San Andreas/data/paths/carrec.img
[05:41:38] Main/Log: New image archive extension: ".rrr" for: "carrec001.rrr"
[05:41:38] Main/Log: Loading image archive: D:/JUEGOS/KPS GTA San Andreas/data/script/script.img
[05:41:38] Main/Log: New image archive extension: ".scm" for: "aaa.scm"
[05:41:38] Main/Log: Archive load time: 659.39 ms
[05:41:38] Main/Warning: Error while reading peds.col at 0x1834 (28%)
             Stacktrace: UnityEngine.Debug:LogWarningFormat(String, Object[])
                         SanAndreasUnity.Importing.Collision.CollisionFile:Load(String) (at Assets/Scripts/Importing/Collision/CollisionFile.cs:72)
                         SanAndreasUnity.Behaviours.Loader:StaticUpdate() (at Assets/Scripts/Behaviours/Loader.cs:88)
                         SanAndreasUnity.Behaviours.Loader:Update() (at Assets/Scripts/Behaviours/Loader.cs:172)

[05:41:38] Main/Warning: The requested value 'OLL?' was not found.
             Stacktrace: UnityEngine.Debug:LogWarning(Object)
                         SanAndreasUnity.Importing.Collision.CollisionFile:Load(String) (at Assets/Scripts/Importing/Collision/CollisionFile.cs:74)
                         SanAndreasUnity.Behaviours.Loader:StaticUpdate() (at Assets/Scripts/Behaviours/Loader.cs:88)
                         SanAndreasUnity.Behaviours.Loader:Update() (at Assets/Scripts/Behaviours/Loader.cs:172)

[05:41:38] Main/Log: Known problem (size off by one). Attempting to fix by adjusting read pointer...
[05:41:38] Main/Warning: Error while reading peds.col at 0x232f (41%)
             Stacktrace: UnityEngine.Debug:LogWarningFormat(String, Object[])
                         SanAndreasUnity.Importing.Collision.CollisionFile:Load(String) (at Assets/Scripts/Importing/Collision/CollisionFile.cs:72)
                         SanAndreasUnity.Behaviours.Loader:StaticUpdate() (at Assets/Scripts/Behaviours/Loader.cs:88)
                         SanAndreasUnity.Behaviours.Loader:Update() (at Assets/Scripts/Behaviours/Loader.cs:172)

[05:41:38] Main/Warning: The requested value 'OLL?' was not found.
             Stacktrace: UnityEngine.Debug:LogWarning(Object)
                         SanAndreasUnity.Importing.Collision.CollisionFile:Load(String) (at Assets/Scripts/Importing/Collision/CollisionFile.cs:74)
                         SanAndreasUnity.Behaviours.Loader:StaticUpdate() (at Assets/Scripts/Behaviours/Loader.cs:88)
                         SanAndreasUnity.Behaviours.Loader:Update() (at Assets/Scripts/Behaviours/Loader.cs:172)

[05:41:38] Main/Log: Known problem (size off by one). Attempting to fix by adjusting read pointer...
[05:41:38] Main/Log: Known problem (duplicate ct_man2 collision). Skipping...
[05:41:38] Main/Warning: Error while reading peds.col at 0x4c12 (90%)
             Stacktrace: UnityEngine.Debug:LogWarningFormat(String, Object[])
                         SanAndreasUnity.Importing.Collision.CollisionFile:Load(String) (at Assets/Scripts/Importing/Collision/CollisionFile.cs:72)
                         SanAndreasUnity.Behaviours.Loader:StaticUpdate() (at Assets/Scripts/Behaviours/Loader.cs:88)
                         SanAndreasUnity.Behaviours.Loader:Update() (at Assets/Scripts/Behaviours/Loader.cs:172)

[05:41:38] Main/Warning: The requested value 'OLL?' was not found.
             Stacktrace: UnityEngine.Debug:LogWarning(Object)
                         SanAndreasUnity.Importing.Collision.CollisionFile:Load(String) (at Assets/Scripts/Importing/Collision/CollisionFile.cs:74)
                         SanAndreasUnity.Behaviours.Loader:StaticUpdate() (at Assets/Scripts/Behaviours/Loader.cs:88)
                         SanAndreasUnity.Behaviours.Loader:Update() (at Assets/Scripts/Behaviours/Loader.cs:172)

[05:41:38] Main/Log: Known problem (size off by one). Attempting to fix by adjusting read pointer...
[05:41:38] Main/Log: Number of collision files 254
[05:41:38] Main/Log: Collision load time: 228.52 ms
[05:41:39] Main/Log: Item info load time: 1034.50 ms
[05:41:39] Main/Log: Handling info load time: 17.59 ms
[05:41:39] Main/Log: Animation group info load time: 4.85 ms
[05:41:39] Main/Log: Entries: 199
[05:41:39] Main/Log: Car color info load time: 11.94 ms
[05:41:39] Main/Warning: Invalid texture used for cursor - check importer settings
             Stacktrace: UnityEngine.Cursor:SetCursor(Texture2D, Vector2, CursorMode)
                         SanAndreasUnity.Behaviours.Loader:StaticUpdate() (at Assets/Scripts/Behaviours/Loader.cs:160)
                         SanAndreasUnity.Behaviours.Loader:Update() (at Assets/Scripts/Behaviours/Loader.cs:172)

[05:41:39] Main/Log: special texture load time: 26.38 ms
[05:41:39] Main/Log: GTA loading finished.
[05:41:43] Main/Log: Num static geometries 45088.
[05:41:43] Main/Log: Num parked vehicles 1045.
[05:41:43] Main/Log: Cell partitioning time: 3542.00 ms
[05:41:43] Main/Log: Loading water file: "D:/JUEGOS/KPS GTA San Andreas/data/water.dat" with 307 faces
[05:41:43] Main/Log: Water load time: 32.76 ms
[05:41:43] Main/Log: Noise gen time: 21.65 ms
[05:41:43] Main/Log: Loading pedestrian model after startup.
[05:41:43] Main/Warning: Unable to find texture ceaserwall03_256
             Stacktrace: UnityEngine.Debug:LogWarningFormat(String, Object[])
                         SanAndreasUnity.Importing.Conversion.Geometry:Convert(Material, TextureDictionary[], MaterialFlags) (at Assets/Scripts/Importing/Conversion/Geometry.cs:216)
                         SanAndreasUnity.Importing.Conversion.<GetMaterials>c__AnonStorey2:<>m__0(Material) (at Assets/Scripts/Importing/Conversion/Geometry.cs:586)
                         System.Linq.Enumerable:ToArray(IEnumerable`1)
                         SanAndreasUnity.Importing.Conversion.Geometry:GetMaterials(MaterialFlags, Action`1) (at Assets/Scripts/Importing/Conversion/Geometry.cs:589)
                         SanAndreasUnity.Importing.Conversion.Geometry:GetMaterials(ObjectFlag, Action`1) (at Assets/Scripts/Importing/Conversion/Geometry.cs:568)
                         SanAndreasUnity.Behaviours.World.StaticGeometry:OnLoad() (at Assets/Scripts/Behaviours/World/StaticGeometry.cs:130)
                         SanAndreasUnity.Behaviours.MapObject:Show() (at Assets/Scripts/Behaviours/MapObject.cs:114)
                         SanAndreasUnity.Behaviours.World.Division:LoadWhile(Func`1) (at Assets/Scripts/Behaviours/World/Division.cs:301)
                         SanAndreasUnity.Behaviours.World.Cell:Update() (at Assets/Scripts/Behaviours/World/Cell.cs:127)

[05:41:43] Main/Exception: ArgumentException: File "vegaswaterfall02.dff" is not a Clump!
                           Parameter name: name

               Stacktrace: SanAndreasUnity.Importing.Archive.ArchiveManager.ReadFile[Clump] (System.String name) (at Assets/Scripts/Importing/Archive/ArchiveManager.cs:70)
                           SanAndreasUnity.Importing.Conversion.Geometry.Load (System.String modelName, SanAndreasUnity.Importing.Conversion.TextureDictionary[] txds) (at Assets/Scripts/Importing/Conversion/Geometry.cs:510)
                           SanAndreasUnity.Importing.Conversion.Geometry.Load (System.String modelName, System.String[] texDictNames) (at Assets/Scripts/Importing/Conversion/Geometry.cs:498)
                           SanAndreasUnity.Behaviours.World.StaticGeometry.OnLoad () (at Assets/Scripts/Behaviours/World/StaticGeometry.cs:118)
                           SanAndreasUnity.Behaviours.MapObject.Show () (at Assets/Scripts/Behaviours/MapObject.cs:114)
                           SanAndreasUnity.Behaviours.World.Division.LoadWhile (System.Func`1 predicate) (at Assets/Scripts/Behaviours/World/Division.cs:301)
                           SanAndreasUnity.Behaviours.World.Cell.Update () (at Assets/Scripts/Behaviours/World/Cell.cs:127)

[05:41:44] Main/Exception: NullReferenceException: Object reference not set to an instance of an object
               Stacktrace: SanAndreasUnity.Behaviours.Vehicles.Vehicle.SetLightProps (VehicleLight vehicleLight, UnityEngine.Light& light) (at Assets/Scripts/Behaviours/Vehicles/Vehicle.cs:284)
                           SanAndreasUnity.Behaviours.Vehicles.Vehicle.Start () (at Assets/Scripts/Behaviours/Vehicles/Vehicle.cs:254)

[05:41:44] Main/Exception: NullReferenceException: Object reference not set to an instance of an object
               Stacktrace: SanAndreasUnity.Behaviours.Vehicles.Vehicle.SetLightProps (VehicleLight vehicleLight, UnityEngine.Light& light) (at Assets/Scripts/Behaviours/Vehicles/Vehicle.cs:284)
                           SanAndreasUnity.Behaviours.Vehicles.Vehicle.Start () (at Assets/Scripts/Behaviours/Vehicles/Vehicle.cs:254)

[05:41:44] Main/Exception: NullReferenceException: Object reference not set to an instance of an object
               Stacktrace: SanAndreasUnity.Behaviours.Vehicles.Vehicle.SetLightProps (VehicleLight vehicleLight, UnityEngine.Light& light) (at Assets/Scripts/Behaviours/Vehicles/Vehicle.cs:284)
                           SanAndreasUnity.Behaviours.Vehicles.Vehicle.Start () (at Assets/Scripts/Behaviours/Vehicles/Vehicle.cs:254)

[05:41:44] Main/Exception: NullReferenceException: Object reference not set to an instance of an object
               Stacktrace: SanAndreasUnity.Behaviours.Vehicles.Vehicle.SetLightProps (VehicleLight vehicleLight, UnityEngine.Light& light) (at Assets/Scripts/Behaviours/Vehicles/Vehicle.cs:284)
                           SanAndreasUnity.Behaviours.Vehicles.Vehicle.Start () (at Assets/Scripts/Behaviours/Vehicles/Vehicle.cs:254)

[05:41:44] Main/Exception: NullReferenceException: Object reference not set to an instance of an object
               Stacktrace: SanAndreasUnity.Behaviours.Vehicles.Vehicle.SetLightProps (VehicleLight vehicleLight, UnityEngine.Light& light) (at Assets/Scripts/Behaviours/Vehicles/Vehicle.cs:284)
                           SanAndreasUnity.Behaviours.Vehicles.Vehicle.Start () (at Assets/Scripts/Behaviours/Vehicles/Vehicle.cs:254)

[05:41:44] Main/Exception: NullReferenceException: Object reference not set to an instance of an object
               Stacktrace: SanAndreasUnity.Behaviours.Vehicles.Vehicle.SetLightProps (VehicleLight vehicleLight, UnityEngine.Light& light) (at Assets/Scripts/Behaviours/Vehicles/Vehicle.cs:284)
                           SanAndreasUnity.Behaviours.Vehicles.Vehicle.Start () (at Assets/Scripts/Behaviours/Vehicles/Vehicle.cs:254)

[05:41:44] Main/Exception: NullReferenceException: Object reference not set to an instance of an object
               Stacktrace: SanAndreasUnity.Behaviours.Vehicles.Vehicle.SetLightProps (VehicleLight vehicleLight, UnityEngine.Light& light) (at Assets/Scripts/Behaviours/Vehicles/Vehicle.cs:284)
                           SanAndreasUnity.Behaviours.Vehicles.Vehicle.Start () (at Assets/Scripts/Behaviours/Vehicles/Vehicle.cs:254)

[05:41:44] Main/Warning: Tried to re-add casinoblock41a_lod (diffuse casinoblock41nt_lod vs casinoblock41dy_lod)
             Stacktrace: UnityEngine.Debug:LogWarningFormat(String, Object[])
                         SanAndreasUnity.Importing.Conversion.TextureDictionary:.ctor(TextureDictionary) (at Assets/Scripts/Importing/Conversion/TextureDictionary.cs:311)
                         SanAndreasUnity.Importing.Conversion.TextureDictionary:Load(String) (at Assets/Scripts/Importing/Conversion/TextureDictionary.cs:221)
                         SanAndreasUnity.Importing.Conversion.Geometry:<Load>m__6(String) (at Assets/Scripts/Importing/Conversion/Geometry.cs:498)
                         System.Linq.Enumerable:ToArray(IEnumerable`1)
                         SanAndreasUnity.Importing.Conversion.Geometry:Load(String, String[]) (at Assets/Scripts/Importing/Conversion/Geometry.cs:498)
                         SanAndreasUnity.Behaviours.World.StaticGeometry:OnLoad() (at Assets/Scripts/Behaviours/World/StaticGeometry.cs:118)
                         SanAndreasUnity.Behaviours.MapObject:Show() (at Assets/Scripts/Behaviours/MapObject.cs:114)
                         SanAndreasUnity.Behaviours.World.Division:LoadWhile(Func`1) (at Assets/Scripts/Behaviours/World/Division.cs:301)
                         SanAndreasUnity.Behaviours.World.Cell:Update() (at Assets/Scripts/Behaviours/World/Cell.cs:127)

[05:41:45] Main/Exception: NullReferenceException: Object reference not set to an instance of an object
               Stacktrace: SanAndreasUnity.Behaviours.Vehicles.Vehicle.SetLightProps (VehicleLight vehicleLight, UnityEngine.Light& light) (at Assets/Scripts/Behaviours/Vehicles/Vehicle.cs:284)
                           SanAndreasUnity.Behaviours.Vehicles.Vehicle.Start () (at Assets/Scripts/Behaviours/Vehicles/Vehicle.cs:254)

[05:41:45] Main/Error: Failed to create Convex Mesh from source mesh "". Source mesh is likely have too many smooth surface regions. Please reduce the surface smoothness of the source mesh. Alternatively turn on Inflate Mesh and increase the Skin Width sufficiently for this mesh.
           Stacktrace: UnityEngine.MeshCollider:set_convex(Boolean)
                       SanAndreasUnity.Importing.Conversion.CollisionModel:Spawn(Transform, Boolean) (at Assets/Scripts/Importing/Conversion/CollisionModel.cs:173)
                       SanAndreasUnity.Importing.Conversion.CollisionModel:Load(String, CollisionFile, Transform, Boolean) (at Assets/Scripts/Importing/Conversion/CollisionModel.cs:75)
                       SanAndreasUnity.Importing.Conversion.CollisionModel:Load(CollisionFile, Transform, Boolean) (at Assets/Scripts/Importing/Conversion/CollisionModel.cs:49)
                       SanAndreasUnity.Importing.Conversion.GeometryParts:AttachCollisionModel(Transform, Boolean) (at Assets/Scripts/Importing/Conversion/Geometry.cs:397)
                       SanAndreasUnity.Behaviours.Vehicles.Vehicle:InitializePhysics() (at Assets/Scripts/Behaviours/Vehicles/Vehicle_Physics.cs:30)
                       SanAndreasUnity.Behaviours.Vehicles.Vehicle:Initialize(VehicleDef, Int32[]) (at Assets/Scripts/Behaviours/Vehicles/Vehicle_Spawning.cs:391)
                       SanAndreasUnity.Behaviours.Vehicles.Vehicle:Create(Int32, Int32[], Vector3, Quaternion) (at Assets/Scripts/Behaviours/Vehicles/Vehicle_Spawning.cs:121)
                       SanAndreasUnity.Behaviours.Vehicles.Vehicle:Create(VehicleSpawner) (at Assets/Scripts/Behaviours/Vehicles/Vehicle_Spawning.cs:103)
                       SanAndreasUnity.Behaviours.Vehicles.VehicleSpawner:OnLoad() (at Assets/Scripts/Behaviours/Vehicles/VehicleSpawner.cs:50)
                       SanAndreasUnity.Behaviours.MapObject:Show() (at Assets/Scripts/Behaviours/MapObject.cs:114)
                       SanAndreasUnity.Behaviours.World.Division:LoadWhile(Func`1) (at Assets/Scripts/Behaviours/World/Division.cs:301)
                       SanAndreasUnity.Behaviours.World.Cell:Update() (at Assets/Scripts/Behaviours/World/Cell.cs:127)

[05:41:45] Main/Error: Failed to create Convex Mesh from source mesh "". Source mesh is likely have too many smooth surface regions. Please reduce the surface smoothness of the source mesh. Alternatively turn on Inflate Mesh and increase the Skin Width sufficiently for this mesh.
           Stacktrace: UnityEngine.Physics:SphereCast(Ray, Single, RaycastHit&, Single, Int32)
                       SanAndreasUnity.Behaviours.PlayerController:Update() (at Assets/Scripts/Behaviours/Player/PlayerController.cs:332)

[05:41:45] Main/Exception: NullReferenceException: Object reference not set to an instance of an object
               Stacktrace: SanAndreasUnity.Behaviours.Vehicles.Vehicle.SetLightProps (VehicleLight vehicleLight, UnityEngine.Light& light) (at Assets/Scripts/Behaviours/Vehicles/Vehicle.cs:284)
                           SanAndreasUnity.Behaviours.Vehicles.Vehicle.Start () (at Assets/Scripts/Behaviours/Vehicles/Vehicle.cs:254)

[05:41:45] Main/Error: Non-convex MeshCollider with non-kinematic Rigidbody is no longer supported in Unity 5.
If you want to use a non-convex mesh either make the Rigidbody kinematic or remove the Rigidbody component. Scene hierarchy path "BRAVURA/Collision/Group 0/MeshCollider", Mesh asset path "" Mesh name ""
[05:41:45] Main/Exception: NullReferenceException: Object reference not set to an instance of an object
               Stacktrace: SanAndreasUnity.Behaviours.Vehicles.Vehicle.SetLightProps (VehicleLight vehicleLight, UnityEngine.Light& light) (at Assets/Scripts/Behaviours/Vehicles/Vehicle.cs:284)
                           SanAndreasUnity.Behaviours.Vehicles.Vehicle.Start () (at Assets/Scripts/Behaviours/Vehicles/Vehicle.cs:254)

[05:41:45] Main/Exception: NullReferenceException: Object reference not set to an instance of an object
               Stacktrace: SanAndreasUnity.Behaviours.Vehicles.Vehicle.SetLightProps (VehicleLight vehicleLight, UnityEngine.Light& light) (at Assets/Scripts/Behaviours/Vehicles/Vehicle.cs:284)
                           SanAndreasUnity.Behaviours.Vehicles.Vehicle.Start () (at Assets/Scripts/Behaviours/Vehicles/Vehicle.cs:254)

[05:41:45] Main/Exception: NullReferenceException: Object reference not set to an instance of an object
               Stacktrace: SanAndreasUnity.Behaviours.Vehicles.Vehicle.SetLightProps (VehicleLight vehicleLight, UnityEngine.Light& light) (at Assets/Scripts/Behaviours/Vehicles/Vehicle.cs:284)
                           SanAndreasUnity.Behaviours.Vehicles.Vehicle.Start () (at Assets/Scripts/Behaviours/Vehicles/Vehicle.cs:254)

[05:41:45] Main/Warning: Unable to find texture miragewall5_256
             Stacktrace: UnityEngine.Debug:LogWarningFormat(String, Object[])
                         SanAndreasUnity.Importing.Conversion.Geometry:Convert(Material, TextureDictionary[], MaterialFlags) (at Assets/Scripts/Importing/Conversion/Geometry.cs:216)
                         SanAndreasUnity.Importing.Conversion.<GetMaterials>c__AnonStorey2:<>m__0(Material) (at Assets/Scripts/Importing/Conversion/Geometry.cs:586)
                         System.Linq.Enumerable:ToArray(IEnumerable`1)
                         SanAndreasUnity.Importing.Conversion.Geometry:GetMaterials(MaterialFlags, Action`1) (at Assets/Scripts/Importing/Conversion/Geometry.cs:589)
                         SanAndreasUnity.Importing.Conversion.Geometry:GetMaterials(ObjectFlag, Action`1) (at Assets/Scripts/Importing/Conversion/Geometry.cs:568)
                         SanAndreasUnity.Behaviours.World.StaticGeometry:OnLoad() (at Assets/Scripts/Behaviours/World/StaticGeometry.cs:130)
                         SanAndreasUnity.Behaviours.MapObject:Show() (at Assets/Scripts/Behaviours/MapObject.cs:114)
                         SanAndreasUnity.Behaviours.World.Division:LoadWhile(Func`1) (at Assets/Scripts/Behaviours/World/Division.cs:301)
                         SanAndreasUnity.Behaviours.World.Cell:Update() (at Assets/Scripts/Behaviours/World/Cell.cs:127)

[05:41:45] Main/Warning: Unable to find texture miragedoor1_256
             Stacktrace: UnityEngine.Debug:LogWarningFormat(String, Object[])
                         SanAndreasUnity.Importing.Conversion.Geometry:Convert(Material, TextureDictionary[], MaterialFlags) (at Assets/Scripts/Importing/Conversion/Geometry.cs:216)
                         SanAndreasUnity.Importing.Conversion.<GetMaterials>c__AnonStorey2:<>m__0(Material) (at Assets/Scripts/Importing/Conversion/Geometry.cs:586)
                         System.Linq.Enumerable:ToArray(IEnumerable`1)
                         SanAndreasUnity.Importing.Conversion.Geometry:GetMaterials(MaterialFlags, Action`1) (at Assets/Scripts/Importing/Conversion/Geometry.cs:589)
                         SanAndreasUnity.Importing.Conversion.Geometry:GetMaterials(ObjectFlag, Action`1) (at Assets/Scripts/Importing/Conversion/Geometry.cs:568)
                         SanAndreasUnity.Behaviours.World.StaticGeometry:OnLoad() (at Assets/Scripts/Behaviours/World/StaticGeometry.cs:130)
                         SanAndreasUnity.Behaviours.MapObject:Show() (at Assets/Scripts/Behaviours/MapObject.cs:114)
                         SanAndreasUnity.Behaviours.World.Division:LoadWhile(Func`1) (at Assets/Scripts/Behaviours/World/Division.cs:301)
                         SanAndreasUnity.Behaviours.World.Cell:Update() (at Assets/Scripts/Behaviours/World/Cell.cs:127)

[05:41:45] Main/Warning: Unable to find texture ws_rooftarmac1
             Stacktrace: UnityEngine.Debug:LogWarningFormat(String, Object[])
                         SanAndreasUnity.Importing.Conversion.Geometry:Convert(Material, TextureDictionary[], MaterialFlags) (at Assets/Scripts/Importing/Conversion/Geometry.cs:216)
                         SanAndreasUnity.Importing.Conversion.<GetMaterials>c__AnonStorey2:<>m__0(Material) (at Assets/Scripts/Importing/Conversion/Geometry.cs:586)
                         System.Linq.Enumerable:ToArray(IEnumerable`1)
                         SanAndreasUnity.Importing.Conversion.Geometry:GetMaterials(MaterialFlags, Action`1) (at Assets/Scripts/Importing/Conversion/Geometry.cs:589)
                         SanAndreasUnity.Importing.Conversion.Geometry:GetMaterials(ObjectFlag, Action`1) (at Assets/Scripts/Importing/Conversion/Geometry.cs:568)
                         SanAndreasUnity.Behaviours.World.StaticGeometry:OnLoad() (at Assets/Scripts/Behaviours/World/StaticGeometry.cs:130)
                         SanAndreasUnity.Behaviours.MapObject:Show() (at Assets/Scripts/Behaviours/MapObject.cs:114)
                         SanAndreasUnity.Behaviours.World.Division:LoadWhile(Func`1) (at Assets/Scripts/Behaviours/World/Division.cs:301)
                         SanAndreasUnity.Behaviours.World.Cell:Update() (at Assets/Scripts/Behaviours/World/Cell.cs:127)

[05:41:45] Main/Warning: Unable to find texture ceaserwall03_256
             Stacktrace: UnityEngine.Debug:LogWarningFormat(String, Object[])
                         SanAndreasUnity.Importing.Conversion.Geometry:Convert(Material, TextureDictionary[], MaterialFlags) (at Assets/Scripts/Importing/Conversion/Geometry.cs:216)
                         SanAndreasUnity.Importing.Conversion.<GetMaterials>c__AnonStorey2:<>m__0(Material) (at Assets/Scripts/Importing/Conversion/Geometry.cs:586)
                         System.Linq.Enumerable:ToArray(IEnumerable`1)
                         SanAndreasUnity.Importing.Conversion.Geometry:GetMaterials(MaterialFlags, Action`1) (at Assets/Scripts/Importing/Conversion/Geometry.cs:589)
                         SanAndreasUnity.Importing.Conversion.Geometry:GetMaterials(ObjectFlag, Action`1) (at Assets/Scripts/Importing/Conversion/Geometry.cs:568)
                         SanAndreasUnity.Behaviours.World.StaticGeometry:OnLoad() (at Assets/Scripts/Behaviours/World/StaticGeometry.cs:130)
                         SanAndreasUnity.Behaviours.MapObject:Show() (at Assets/Scripts/Behaviours/MapObject.cs:114)
                         SanAndreasUnity.Behaviours.World.Division:LoadWhile(Func`1) (at Assets/Scripts/Behaviours/World/Division.cs:301)
                         SanAndreasUnity.Behaviours.World.Cell:Update() (at Assets/Scripts/Behaviours/World/Cell.cs:127)

[05:41:45] Main/Warning: Unable to find texture vgnlowbildwal1_256
             Stacktrace: UnityEngine.Debug:LogWarningFormat(String, Object[])
                         SanAndreasUnity.Importing.Conversion.Geometry:Convert(Material, TextureDictionary[], MaterialFlags) (at Assets/Scripts/Importing/Conversion/Geometry.cs:216)
                         SanAndreasUnity.Importing.Conversion.<GetMaterials>c__AnonStorey2:<>m__0(Material) (at Assets/Scripts/Importing/Conversion/Geometry.cs:586)
                         System.Linq.Enumerable:ToArray(IEnumerable`1)
                         SanAndreasUnity.Importing.Conversion.Geometry:GetMaterials(MaterialFlags, Action`1) (at Assets/Scripts/Importing/Conversion/Geometry.cs:589)
                         SanAndreasUnity.Importing.Conversion.Geometry:GetMaterials(ObjectFlag, Action`1) (at Assets/Scripts/Importing/Conversion/Geometry.cs:568)
                         SanAndreasUnity.Behaviours.World.StaticGeometry:OnLoad() (at Assets/Scripts/Behaviours/World/StaticGeometry.cs:130)
                         SanAndreasUnity.Behaviours.MapObject:Show() (at Assets/Scripts/Behaviours/MapObject.cs:114)
                         SanAndreasUnity.Behaviours.World.Division:LoadWhile(Func`1) (at Assets/Scripts/Behaviours/World/Division.cs:301)
                         SanAndreasUnity.Behaviours.World.Cell:Update() (at Assets/Scripts/Behaviours/World/Cell.cs:127)

[05:41:45] Main/Warning: Unable to find texture cparkvgn2_256
             Stacktrace: UnityEngine.Debug:LogWarningFormat(String, Object[])
                         SanAndreasUnity.Importing.Conversion.Geometry:Convert(Material, TextureDictionary[], MaterialFlags) (at Assets/Scripts/Importing/Conversion/Geometry.cs:216)
                         SanAndreasUnity.Importing.Conversion.<GetMaterials>c__AnonStorey2:<>m__0(Material) (at Assets/Scripts/Importing/Conversion/Geometry.cs:586)
                         System.Linq.Enumerable:ToArray(IEnumerable`1)
                         SanAndreasUnity.Importing.Conversion.Geometry:GetMaterials(MaterialFlags, Action`1) (at Assets/Scripts/Importing/Conversion/Geometry.cs:589)
                         SanAndreasUnity.Importing.Conversion.Geometry:GetMaterials(ObjectFlag, Action`1) (at Assets/Scripts/Importing/Conversion/Geometry.cs:568)
                         SanAndreasUnity.Behaviours.World.StaticGeometry:OnLoad() (at Assets/Scripts/Behaviours/World/StaticGeometry.cs:130)
                         SanAndreasUnity.Behaviours.MapObject:Show() (at Assets/Scripts/Behaviours/MapObject.cs:114)
                         SanAndreasUnity.Behaviours.World.Division:LoadWhile(Func`1) (at Assets/Scripts/Behaviours/World/Division.cs:301)
                         SanAndreasUnity.Behaviours.World.Cell:Update() (at Assets/Scripts/Behaviours/World/Cell.cs:127)

[05:41:45] Main/Warning: Unable to find texture ceaserwall03_256
             Stacktrace: UnityEngine.Debug:LogWarningFormat(String, Object[])
                         SanAndreasUnity.Importing.Conversion.Geometry:Convert(Material, TextureDictionary[], MaterialFlags) (at Assets/Scripts/Importing/Conversion/Geometry.cs:216)
                         SanAndreasUnity.Importing.Conversion.<GetMaterials>c__AnonStorey2:<>m__0(Material) (at Assets/Scripts/Importing/Conversion/Geometry.cs:586)
                         System.Linq.Enumerable:ToArray(IEnumerable`1)
                         SanAndreasUnity.Importing.Conversion.Geometry:GetMaterials(MaterialFlags, Action`1) (at Assets/Scripts/Importing/Conversion/Geometry.cs:589)
                         SanAndreasUnity.Importing.Conversion.Geometry:GetMaterials(ObjectFlag, Action`1) (at Assets/Scripts/Importing/Conversion/Geometry.cs:568)
                         SanAndreasUnity.Behaviours.World.StaticGeometry:OnLoad() (at Assets/Scripts/Behaviours/World/StaticGeometry.cs:130)
                         SanAndreasUnity.Behaviours.MapObject:Show() (at Assets/Scripts/Behaviours/MapObject.cs:114)
                         SanAndreasUnity.Behaviours.World.Division:LoadWhile(Func`1) (at Assets/Scripts/Behaviours/World/Division.cs:301)
                         SanAndreasUnity.Behaviours.World.Cell:Update() (at Assets/Scripts/Behaviours/World/Cell.cs:127)

[05:41:45] Main/Exception: NullReferenceException: Object reference not set to an instance of an object
               Stacktrace: SanAndreasUnity.Behaviours.Vehicles.Vehicle.SetLightProps (VehicleLight vehicleLight, UnityEngine.Light& light) (at Assets/Scripts/Behaviours/Vehicles/Vehicle.cs:284)
                           SanAndreasUnity.Behaviours.Vehicles.Vehicle.Start () (at Assets/Scripts/Behaviours/Vehicles/Vehicle.cs:254)

[05:41:45] Main/Exception: NullReferenceException: Object reference not set to an instance of an object
               Stacktrace: SanAndreasUnity.Behaviours.Vehicles.Vehicle.SetLightProps (VehicleLight vehicleLight, UnityEngine.Light& light) (at Assets/Scripts/Behaviours/Vehicles/Vehicle.cs:284)
                           SanAndreasUnity.Behaviours.Vehicles.Vehicle.Start () (at Assets/Scripts/Behaviours/Vehicles/Vehicle.cs:254)

[05:41:45] Main/Exception: NullReferenceException: Object reference not set to an instance of an object
               Stacktrace: SanAndreasUnity.Behaviours.Vehicles.Vehicle.SetLightProps (VehicleLight vehicleLight, UnityEngine.Light& light) (at Assets/Scripts/Behaviours/Vehicles/Vehicle.cs:284)
                           SanAndreasUnity.Behaviours.Vehicles.Vehicle.Start () (at Assets/Scripts/Behaviours/Vehicles/Vehicle.cs:254)

[05:41:45] Main/Warning: Unable to find texture greyground256128
             Stacktrace: UnityEngine.Debug:LogWarningFormat(String, Object[])
                         SanAndreasUnity.Importing.Conversion.Geometry:Convert(Material, TextureDictionary[], MaterialFlags) (at Assets/Scripts/Importing/Conversion/Geometry.cs:216)
                         SanAndreasUnity.Importing.Conversion.<GetMaterials>c__AnonStorey2:<>m__0(Material) (at Assets/Scripts/Importing/Conversion/Geometry.cs:586)
                         System.Linq.Enumerable:ToArray(IEnumerable`1)
                         SanAndreasUnity.Importing.Conversion.Geometry:GetMaterials(MaterialFlags, Action`1) (at Assets/Scripts/Importing/Conversion/Geometry.cs:589)
                         SanAndreasUnity.Importing.Conversion.Geometry:GetMaterials(ObjectFlag, Action`1) (at Assets/Scripts/Importing/Conversion/Geometry.cs:568)
                         SanAndreasUnity.Behaviours.World.StaticGeometry:OnLoad() (at Assets/Scripts/Behaviours/World/StaticGeometry.cs:130)
                         SanAndreasUnity.Behaviours.MapObject:Show() (at Assets/Scripts/Behaviours/MapObject.cs:114)
                         SanAndreasUnity.Behaviours.World.Division:LoadWhile(Func`1) (at Assets/Scripts/Behaviours/World/Division.cs:301)
                         SanAndreasUnity.Behaviours.World.Cell:Update() (at Assets/Scripts/Behaviours/World/Cell.cs:127)

[05:41:45] Main/Exception: NullReferenceException: Object reference not set to an instance of an object
               Stacktrace: SanAndreasUnity.Behaviours.Vehicles.Vehicle.SetLightProps (VehicleLight vehicleLight, UnityEngine.Light& light) (at Assets/Scripts/Behaviours/Vehicles/Vehicle.cs:284)
                           SanAndreasUnity.Behaviours.Vehicles.Vehicle.Start () (at Assets/Scripts/Behaviours/Vehicles/Vehicle.cs:254)

[05:41:46] Main/Warning: Unable to find texture vegaspavement2_256
             Stacktrace: UnityEngine.Debug:LogWarningFormat(String, Object[])
                         SanAndreasUnity.Importing.Conversion.Geometry:Convert(Material, TextureDictionary[], MaterialFlags) (at Assets/Scripts/Importing/Conversion/Geometry.cs:216)
                         SanAndreasUnity.Importing.Conversion.<GetMaterials>c__AnonStorey2:<>m__0(Material) (at Assets/Scripts/Importing/Conversion/Geometry.cs:586)
                         System.Linq.Enumerable:ToArray(IEnumerable`1)
                         SanAndreasUnity.Importing.Conversion.Geometry:GetMaterials(MaterialFlags, Action`1) (at Assets/Scripts/Importing/Conversion/Geometry.cs:589)
                         SanAndreasUnity.Importing.Conversion.Geometry:GetMaterials(ObjectFlag, Action`1) (at Assets/Scripts/Importing/Conversion/Geometry.cs:568)
                         SanAndreasUnity.Behaviours.World.StaticGeometry:OnLoad() (at Assets/Scripts/Behaviours/World/StaticGeometry.cs:130)
                         SanAndreasUnity.Behaviours.MapObject:Show() (at Assets/Scripts/Behaviours/MapObject.cs:114)
                         SanAndreasUnity.Behaviours.World.Division:LoadWhile(Func`1) (at Assets/Scripts/Behaviours/World/Division.cs:301)
                         SanAndreasUnity.Behaviours.World.Cell:Update() (at Assets/Scripts/Behaviours/World/Cell.cs:127)

[05:41:46] Main/Warning: Unable to find texture vgnburger_256_lod
             Stacktrace: UnityEngine.Debug:LogWarningFormat(String, Object[])
                         SanAndreasUnity.Importing.Conversion.Geometry:Convert(Material, TextureDictionary[], MaterialFlags) (at Assets/Scripts/Importing/Conversion/Geometry.cs:216)
                         SanAndreasUnity.Importing.Conversion.<GetMaterials>c__AnonStorey2:<>m__0(Material) (at Assets/Scripts/Importing/Conversion/Geometry.cs:586)
                         System.Linq.Enumerable:ToArray(IEnumerable`1)
                         SanAndreasUnity.Importing.Conversion.Geometry:GetMaterials(MaterialFlags, Action`1) (at Assets/Scripts/Importing/Conversion/Geometry.cs:589)
                         SanAndreasUnity.Importing.Conversion.Geometry:GetMaterials(ObjectFlag, Action`1) (at Assets/Scripts/Importing/Conversion/Geometry.cs:568)
                         SanAndreasUnity.Behaviours.World.StaticGeometry:OnLoad() (at Assets/Scripts/Behaviours/World/StaticGeometry.cs:130)
                         SanAndreasUnity.Behaviours.MapObject:Show() (at Assets/Scripts/Behaviours/MapObject.cs:114)
                         SanAndreasUnity.Behaviours.World.Division:LoadWhile(Func`1) (at Assets/Scripts/Behaviours/World/Division.cs:301)
                         SanAndreasUnity.Behaviours.World.Cell:Update() (at Assets/Scripts/Behaviours/World/Cell.cs:127)

[05:41:46] Main/Warning: Unable to find texture pizza_wellstacked_lod
             Stacktrace: UnityEngine.Debug:LogWarningFormat(String, Object[])
                         SanAndreasUnity.Importing.Conversion.Geometry:Convert(Material, TextureDictionary[], MaterialFlags) (at Assets/Scripts/Importing/Conversion/Geometry.cs:216)
                         SanAndreasUnity.Importing.Conversion.<GetMaterials>c__AnonStorey2:<>m__0(Material) (at Assets/Scripts/Importing/Conversion/Geometry.cs:586)
                         System.Linq.Enumerable:ToArray(IEnumerable`1)
                         SanAndreasUnity.Importing.Conversion.Geometry:GetMaterials(MaterialFlags, Action`1) (at Assets/Scripts/Importing/Conversion/Geometry.cs:589)
                         SanAndreasUnity.Importing.Conversion.Geometry:GetMaterials(ObjectFlag, Action`1) (at Assets/Scripts/Importing/Conversion/Geometry.cs:568)
                         SanAndreasUnity.Behaviours.World.StaticGeometry:OnLoad() (at Assets/Scripts/Behaviours/World/StaticGeometry.cs:130)
                         SanAndreasUnity.Behaviours.MapObject:Show() (at Assets/Scripts/Behaviours/MapObject.cs:114)
                         SanAndreasUnity.Behaviours.World.Division:LoadWhile(Func`1) (at Assets/Scripts/Behaviours/World/Division.cs:301)
                         SanAndreasUnity.Behaviours.World.Cell:Update() (at Assets/Scripts/Behaviours/World/Cell.cs:127)

[05:41:46] Main/Warning: Unable to find texture vgnacmotel5_128
             Stacktrace: UnityEngine.Debug:LogWarningFormat(String, Object[])
                         SanAndreasUnity.Importing.Conversion.Geometry:Convert(Material, TextureDictionary[], MaterialFlags) (at Assets/Scripts/Importing/Conversion/Geometry.cs:216)
                         SanAndreasUnity.Importing.Conversion.<GetMaterials>c__AnonStorey2:<>m__0(Material) (at Assets/Scripts/Importing/Conversion/Geometry.cs:586)
                         System.Linq.Enumerable:ToArray(IEnumerable`1)
                         SanAndreasUnity.Importing.Conversion.Geometry:GetMaterials(MaterialFlags, Action`1) (at Assets/Scripts/Importing/Conversion/Geometry.cs:589)
                         SanAndreasUnity.Importing.Conversion.Geometry:GetMaterials(ObjectFlag, Action`1) (at Assets/Scripts/Importing/Conversion/Geometry.cs:568)
                         SanAndreasUnity.Behaviours.World.StaticGeometry:OnLoad() (at Assets/Scripts/Behaviours/World/StaticGeometry.cs:130)
                         SanAndreasUnity.Behaviours.MapObject:Show() (at Assets/Scripts/Behaviours/MapObject.cs:114)
                         SanAndreasUnity.Behaviours.World.Division:LoadWhile(Func`1) (at Assets/Scripts/Behaviours/World/Division.cs:301)
                         SanAndreasUnity.Behaviours.World.Cell:Update() (at Assets/Scripts/Behaviours/World/Cell.cs:127)

[05:41:46] Main/Warning: Unable to find texture vgnacmotel2_256
             Stacktrace: UnityEngine.Debug:LogWarningFormat(String, Object[])
                         SanAndreasUnity.Importing.Conversion.Geometry:Convert(Material, TextureDictionary[], MaterialFlags) (at Assets/Scripts/Importing/Conversion/Geometry.cs:216)
                         SanAndreasUnity.Importing.Conversion.<GetMaterials>c__AnonStorey2:<>m__0(Material) (at Assets/Scripts/Importing/Conversion/Geometry.cs:586)
                         System.Linq.Enumerable:ToArray(IEnumerable`1)
                         SanAndreasUnity.Importing.Conversion.Geometry:GetMaterials(MaterialFlags, Action`1) (at Assets/Scripts/Importing/Conversion/Geometry.cs:589)
                         SanAndreasUnity.Importing.Conversion.Geometry:GetMaterials(ObjectFlag, Action`1) (at Assets/Scripts/Importing/Conversion/Geometry.cs:568)
                         SanAndreasUnity.Behaviours.World.StaticGeometry:OnLoad() (at Assets/Scripts/Behaviours/World/StaticGeometry.cs:130)
                         SanAndreasUnity.Behaviours.MapObject:Show() (at Assets/Scripts/Behaviours/MapObject.cs:114)
                         SanAndreasUnity.Behaviours.World.Division:LoadWhile(Func`1) (at Assets/Scripts/Behaviours/World/Division.cs:301)
                         SanAndreasUnity.Behaviours.World.Cell:Update() (at Assets/Scripts/Behaviours/World/Cell.cs:127)

[05:41:46] Main/Warning: Unable to find texture highshopwall1256
             Stacktrace: UnityEngine.Debug:LogWarningFormat(String, Object[])
                         SanAndreasUnity.Importing.Conversion.Geometry:Convert(Material, TextureDictionary[], MaterialFlags) (at Assets/Scripts/Importing/Conversion/Geometry.cs:216)
                         SanAndreasUnity.Importing.Conversion.<GetMaterials>c__AnonStorey2:<>m__0(Material) (at Assets/Scripts/Importing/Conversion/Geometry.cs:586)
                         System.Linq.Enumerable:ToArray(IEnumerable`1)
                         SanAndreasUnity.Importing.Conversion.Geometry:GetMaterials(MaterialFlags, Action`1) (at Assets/Scripts/Importing/Conversion/Geometry.cs:589)
                         SanAndreasUnity.Importing.Conversion.Geometry:GetMaterials(ObjectFlag, Action`1) (at Assets/Scripts/Importing/Conversion/Geometry.cs:568)
                         SanAndreasUnity.Behaviours.World.StaticGeometry:OnLoad() (at Assets/Scripts/Behaviours/World/StaticGeometry.cs:130)
                         SanAndreasUnity.Behaviours.MapObject:Show() (at Assets/Scripts/Behaviours/MapObject.cs:114)
                         SanAndreasUnity.Behaviours.World.Division:LoadWhile(Func`1) (at Assets/Scripts/Behaviours/World/Division.cs:301)
                         SanAndreasUnity.Behaviours.World.Cell:Update() (at Assets/Scripts/Behaviours/World/Cell.cs:127)

[05:41:46] Main/Warning: Unable to find texture vegaspavement2_256
             Stacktrace: UnityEngine.Debug:LogWarningFormat(String, Object[])
                         SanAndreasUnity.Importing.Conversion.Geometry:Convert(Material, TextureDictionary[], MaterialFlags) (at Assets/Scripts/Importing/Conversion/Geometry.cs:216)
                         SanAndreasUnity.Importing.Conversion.<GetMaterials>c__AnonStorey2:<>m__0(Material) (at Assets/Scripts/Importing/Conversion/Geometry.cs:586)
                         System.Linq.Enumerable:ToArray(IEnumerable`1)
                         SanAndreasUnity.Importing.Conversion.Geometry:GetMaterials(MaterialFlags, Action`1) (at Assets/Scripts/Importing/Conversion/Geometry.cs:589)
                         SanAndreasUnity.Importing.Conversion.Geometry:GetMaterials(ObjectFlag, Action`1) (at Assets/Scripts/Importing/Conversion/Geometry.cs:568)
                         SanAndreasUnity.Behaviours.World.StaticGeometry:OnLoad() (at Assets/Scripts/Behaviours/World/StaticGeometry.cs:130)
                         SanAndreasUnity.Behaviours.MapObject:Show() (at Assets/Scripts/Behaviours/MapObject.cs:114)
                         SanAndreasUnity.Behaviours.World.Division:LoadWhile(Func`1) (at Assets/Scripts/Behaviours/World/Division.cs:301)
                         SanAndreasUnity.Behaviours.World.Cell:Update() (at Assets/Scripts/Behaviours/World/Cell.cs:127)

[05:41:46] Main/Warning: Unable to find texture sw_brewbrick01
             Stacktrace: UnityEngine.Debug:LogWarningFormat(String, Object[])
                         SanAndreasUnity.Importing.Conversion.Geometry:Convert(Material, TextureDictionary[], MaterialFlags) (at Assets/Scripts/Importing/Conversion/Geometry.cs:216)
                         SanAndreasUnity.Importing.Conversion.<GetMaterials>c__AnonStorey2:<>m__0(Material) (at Assets/Scripts/Importing/Conversion/Geometry.cs:586)
                         System.Linq.Enumerable:ToArray(IEnumerable`1)
                         SanAndreasUnity.Importing.Conversion.Geometry:GetMaterials(MaterialFlags, Action`1) (at Assets/Scripts/Importing/Conversion/Geometry.cs:589)
                         SanAndreasUnity.Importing.Conversion.Geometry:GetMaterials(ObjectFlag, Action`1) (at Assets/Scripts/Importing/Conversion/Geometry.cs:568)
                         SanAndreasUnity.Behaviours.World.StaticGeometry:OnLoad() (at Assets/Scripts/Behaviours/World/StaticGeometry.cs:130)
                         SanAndreasUnity.Behaviours.MapObject:Show() (at Assets/Scripts/Behaviours/MapObject.cs:114)
                         SanAndreasUnity.Behaviours.World.Division:LoadWhile(Func`1) (at Assets/Scripts/Behaviours/World/Division.cs:301)
                         SanAndreasUnity.Behaviours.World.Cell:Update() (at Assets/Scripts/Behaviours/World/Cell.cs:127)

[05:41:46] Main/Warning: Unable to find texture elcid3_256
             Stacktrace: UnityEngine.Debug:LogWarningFormat(String, Object[])
                         SanAndreasUnity.Importing.Conversion.Geometry:Convert(Material, TextureDictionary[], MaterialFlags) (at Assets/Scripts/Importing/Conversion/Geometry.cs:216)
                         SanAndreasUnity.Importing.Conversion.<GetMaterials>c__AnonStorey2:<>m__0(Material) (at Assets/Scripts/Importing/Conversion/Geometry.cs:586)
                         System.Linq.Enumerable:ToArray(IEnumerable`1)
                         SanAndreasUnity.Importing.Conversion.Geometry:GetMaterials(MaterialFlags, Action`1) (at Assets/Scripts/Importing/Conversion/Geometry.cs:589)
                         SanAndreasUnity.Importing.Conversion.Geometry:GetMaterials(ObjectFlag, Action`1) (at Assets/Scripts/Importing/Conversion/Geometry.cs:568)
                         SanAndreasUnity.Behaviours.World.StaticGeometry:OnLoad() (at Assets/Scripts/Behaviours/World/StaticGeometry.cs:130)
                         SanAndreasUnity.Behaviours.MapObject:Show() (at Assets/Scripts/Behaviours/MapObject.cs:114)
                         SanAndreasUnity.Behaviours.World.Division:LoadWhile(Func`1) (at Assets/Scripts/Behaviours/World/Division.cs:301)
                         SanAndreasUnity.Behaviours.World.Cell:Update() (at Assets/Scripts/Behaviours/World/Cell.cs:127)

[05:41:46] Main/Warning: Unable to find texture bluapartwall1_256
             Stacktrace: UnityEngine.Debug:LogWarningFormat(String, Object[])
                         SanAndreasUnity.Importing.Conversion.Geometry:Convert(Material, TextureDictionary[], MaterialFlags) (at Assets/Scripts/Importing/Conversion/Geometry.cs:216)
                         SanAndreasUnity.Importing.Conversion.<GetMaterials>c__AnonStorey2:<>m__0(Material) (at Assets/Scripts/Importing/Conversion/Geometry.cs:586)
                         System.Linq.Enumerable:ToArray(IEnumerable`1)
                         SanAndreasUnity.Importing.Conversion.Geometry:GetMaterials(MaterialFlags, Action`1) (at Assets/Scripts/Importing/Conversion/Geometry.cs:589)
                         SanAndreasUnity.Importing.Conversion.Geometry:GetMaterials(ObjectFlag, Action`1) (at Assets/Scripts/Importing/Conversion/Geometry.cs:568)
                         SanAndreasUnity.Behaviours.World.StaticGeometry:OnLoad() (at Assets/Scripts/Behaviours/World/StaticGeometry.cs:130)
                         SanAndreasUnity.Behaviours.MapObject:Show() (at Assets/Scripts/Behaviours/MapObject.cs:114)
                         SanAndreasUnity.Behaviours.World.Division:LoadWhile(Func`1) (at Assets/Scripts/Behaviours/World/Division.cs:301)
                         SanAndreasUnity.Behaviours.World.Cell:Update() (at Assets/Scripts/Behaviours/World/Cell.cs:127)

[05:41:46] Main/Warning: Unable to find texture vgnhsewall1_256
             Stacktrace: UnityEngine.Debug:LogWarningFormat(String, Object[])
                         SanAndreasUnity.Importing.Conversion.Geometry:Convert(Material, TextureDictionary[], MaterialFlags) (at Assets/Scripts/Importing/Conversion/Geometry.cs:216)
                         SanAndreasUnity.Importing.Conversion.<GetMaterials>c__AnonStorey2:<>m__0(Material) (at Assets/Scripts/Importing/Conversion/Geometry.cs:586)
                         System.Linq.Enumerable:ToArray(IEnumerable`1)
                         SanAndreasUnity.Importing.Conversion.Geometry:GetMaterials(MaterialFlags, Action`1) (at Assets/Scripts/Importing/Conversion/Geometry.cs:589)
                         SanAndreasUnity.Importing.Conversion.Geometry:GetMaterials(ObjectFlag, Action`1) (at Assets/Scripts/Importing/Conversion/Geometry.cs:568)
                         SanAndreasUnity.Behaviours.World.StaticGeometry:OnLoad() (at Assets/Scripts/Behaviours/World/StaticGeometry.cs:130)
                         SanAndreasUnity.Behaviours.MapObject:Show() (at Assets/Scripts/Behaviours/MapObject.cs:114)
                         SanAndreasUnity.Behaviours.World.Division:LoadWhile(Func`1) (at Assets/Scripts/Behaviours/World/Division.cs:301)
                         SanAndreasUnity.Behaviours.World.Cell:Update() (at Assets/Scripts/Behaviours/World/Cell.cs:127)

[05:41:46] Main/Warning: Unable to find texture alleywall3
             Stacktrace: UnityEngine.Debug:LogWarningFormat(String, Object[])
                         SanAndreasUnity.Importing.Conversion.Geometry:Convert(Material, TextureDictionary[], MaterialFlags) (at Assets/Scripts/Importing/Conversion/Geometry.cs:216)
                         SanAndreasUnity.Importing.Conversion.<GetMaterials>c__AnonStorey2:<>m__0(Material) (at Assets/Scripts/Importing/Conversion/Geometry.cs:586)
                         System.Linq.Enumerable:ToArray(IEnumerable`1)
                         SanAndreasUnity.Importing.Conversion.Geometry:GetMaterials(MaterialFlags, Action`1) (at Assets/Scripts/Importing/Conversion/Geometry.cs:589)
                         SanAndreasUnity.Importing.Conversion.Geometry:GetMaterials(ObjectFlag, Action`1) (at Assets/Scripts/Importing/Conversion/Geometry.cs:568)
                         SanAndreasUnity.Behaviours.World.StaticGeometry:OnLoad() (at Assets/Scripts/Behaviours/World/StaticGeometry.cs:130)
                         SanAndreasUnity.Behaviours.MapObject:Show() (at Assets/Scripts/Behaviours/MapObject.cs:114)
                         SanAndreasUnity.Behaviours.World.Division:LoadWhile(Func`1) (at Assets/Scripts/Behaviours/World/Division.cs:301)
                         SanAndreasUnity.Behaviours.World.Cell:Update() (at Assets/Scripts/Behaviours/World/Cell.cs:127)

[05:41:46] Main/Warning: Unable to find texture garageledge01_64
             Stacktrace: UnityEngine.Debug:LogWarningFormat(String, Object[])
                         SanAndreasUnity.Importing.Conversion.Geometry:Convert(Material, TextureDictionary[], MaterialFlags) (at Assets/Scripts/Importing/Conversion/Geometry.cs:216)
                         SanAndreasUnity.Importing.Conversion.<GetMaterials>c__AnonStorey2:<>m__0(Material) (at Assets/Scripts/Importing/Conversion/Geometry.cs:586)
                         System.Linq.Enumerable:ToArray(IEnumerable`1)
                         SanAndreasUnity.Importing.Conversion.Geometry:GetMaterials(MaterialFlags, Action`1) (at Assets/Scripts/Importing/Conversion/Geometry.cs:589)
                         SanAndreasUnity.Importing.Conversion.Geometry:GetMaterials(ObjectFlag, Action`1) (at Assets/Scripts/Importing/Conversion/Geometry.cs:568)
                         SanAndreasUnity.Behaviours.World.StaticGeometry:OnLoad() (at Assets/Scripts/Behaviours/World/StaticGeometry.cs:130)
                         SanAndreasUnity.Behaviours.MapObject:Show() (at Assets/Scripts/Behaviours/MapObject.cs:114)
                         SanAndreasUnity.Behaviours.World.Division:LoadWhile(Func`1) (at Assets/Scripts/Behaviours/World/Division.cs:301)
                         SanAndreasUnity.Behaviours.World.Cell:Update() (at Assets/Scripts/Behaviours/World/Cell.cs:127)

[05:41:47] Main/Warning: Unable to find texture vgnfirestat1_256
             Stacktrace: UnityEngine.Debug:LogWarningFormat(String, Object[])
                         SanAndreasUnity.Importing.Conversion.Geometry:Convert(Material, TextureDictionary[], MaterialFlags) (at Assets/Scripts/Importing/Conversion/Geometry.cs:216)
                         SanAndreasUnity.Importing.Conversion.<GetMaterials>c__AnonStorey2:<>m__0(Material) (at Assets/Scripts/Importing/Conversion/Geometry.cs:586)
                         System.Linq.Enumerable:ToArray(IEnumerable`1)
                         SanAndreasUnity.Importing.Conversion.Geometry:GetMaterials(MaterialFlags, Action`1) (at Assets/Scripts/Importing/Conversion/Geometry.cs:589)
                         SanAndreasUnity.Importing.Conversion.Geometry:GetMaterials(ObjectFlag, Action`1) (at Assets/Scripts/Importing/Conversion/Geometry.cs:568)
                         SanAndreasUnity.Behaviours.World.StaticGeometry:OnLoad() (at Assets/Scripts/Behaviours/World/StaticGeometry.cs:130)
                         SanAndreasUnity.Behaviours.MapObject:Show() (at Assets/Scripts/Behaviours/MapObject.cs:114)
                         SanAndreasUnity.Behaviours.World.Division:LoadWhile(Func`1) (at Assets/Scripts/Behaviours/World/Division.cs:301)
                         SanAndreasUnity.Behaviours.World.Cell:Update() (at Assets/Scripts/Behaviours/World/Cell.cs:127)

[05:41:47] Main/Warning: Unable to find texture vgnhsewall1_256
             Stacktrace: UnityEngine.Debug:LogWarningFormat(String, Object[])
                         SanAndreasUnity.Importing.Conversion.Geometry:Convert(Material, TextureDictionary[], MaterialFlags) (at Assets/Scripts/Importing/Conversion/Geometry.cs:216)
                         SanAndreasUnity.Importing.Conversion.<GetMaterials>c__AnonStorey2:<>m__0(Material) (at Assets/Scripts/Importing/Conversion/Geometry.cs:586)
                         System.Linq.Enumerable:ToArray(IEnumerable`1)
                         SanAndreasUnity.Importing.Conversion.Geometry:GetMaterials(MaterialFlags, Action`1) (at Assets/Scripts/Importing/Conversion/Geometry.cs:589)
                         SanAndreasUnity.Importing.Conversion.Geometry:GetMaterials(ObjectFlag, Action`1) (at Assets/Scripts/Importing/Conversion/Geometry.cs:568)
                         SanAndreasUnity.Behaviours.World.StaticGeometry:OnLoad() (at Assets/Scripts/Behaviours/World/StaticGeometry.cs:130)
                         SanAndreasUnity.Behaviours.MapObject:Show() (at Assets/Scripts/Behaviours/MapObject.cs:114)
                         SanAndreasUnity.Behaviours.World.Division:LoadWhile(Func`1) (at Assets/Scripts/Behaviours/World/Division.cs:301)
                         SanAndreasUnity.Behaviours.World.Cell:Update() (at Assets/Scripts/Behaviours/World/Cell.cs:127)

[05:41:47] Main/Warning: Unable to find texture Grass
             Stacktrace: UnityEngine.Debug:LogWarningFormat(String, Object[])
                         SanAndreasUnity.Importing.Conversion.Geometry:Convert(Material, TextureDictionary[], MaterialFlags) (at Assets/Scripts/Importing/Conversion/Geometry.cs:216)
                         SanAndreasUnity.Importing.Conversion.<GetMaterials>c__AnonStorey2:<>m__0(Material) (at Assets/Scripts/Importing/Conversion/Geometry.cs:586)
                         System.Linq.Enumerable:ToArray(IEnumerable`1)
                         SanAndreasUnity.Importing.Conversion.Geometry:GetMaterials(MaterialFlags, Action`1) (at Assets/Scripts/Importing/Conversion/Geometry.cs:589)
                         SanAndreasUnity.Importing.Conversion.Geometry:GetMaterials(ObjectFlag, Action`1) (at Assets/Scripts/Importing/Conversion/Geometry.cs:568)
                         SanAndreasUnity.Behaviours.World.StaticGeometry:OnLoad() (at Assets/Scripts/Behaviours/World/StaticGeometry.cs:130)
                         SanAndreasUnity.Behaviours.MapObject:Show() (at Assets/Scripts/Behaviours/MapObject.cs:114)
                         SanAndreasUnity.Behaviours.World.Division:LoadWhile(Func`1) (at Assets/Scripts/Behaviours/World/Division.cs:301)
                         SanAndreasUnity.Behaviours.World.Cell:Update() (at Assets/Scripts/Behaviours/World/Cell.cs:127)

[05:41:47] Main/Warning: Unable to find texture sw_wind12
             Stacktrace: UnityEngine.Debug:LogWarningFormat(String, Object[])
                         SanAndreasUnity.Importing.Conversion.Geometry:Convert(Material, TextureDictionary[], MaterialFlags) (at Assets/Scripts/Importing/Conversion/Geometry.cs:216)
                         SanAndreasUnity.Importing.Conversion.<GetMaterials>c__AnonStorey2:<>m__0(Material) (at Assets/Scripts/Importing/Conversion/Geometry.cs:586)
                         System.Linq.Enumerable:ToArray(IEnumerable`1)
                         SanAndreasUnity.Importing.Conversion.Geometry:GetMaterials(MaterialFlags, Action`1) (at Assets/Scripts/Importing/Conversion/Geometry.cs:589)
                         SanAndreasUnity.Importing.Conversion.Geometry:GetMaterials(ObjectFlag, Action`1) (at Assets/Scripts/Importing/Conversion/Geometry.cs:568)
                         SanAndreasUnity.Behaviours.World.StaticGeometry:OnLoad() (at Assets/Scripts/Behaviours/World/StaticGeometry.cs:130)
                         SanAndreasUnity.Behaviours.MapObject:Show() (at Assets/Scripts/Behaviours/MapObject.cs:114)
                         SanAndreasUnity.Behaviours.World.Division:LoadWhile(Func`1) (at Assets/Scripts/Behaviours/World/Division.cs:301)
                         SanAndreasUnity.Behaviours.World.Cell:Update() (at Assets/Scripts/Behaviours/World/Cell.cs:127)

[05:41:47] Main/Warning: Unable to find texture GB_nastybar20
             Stacktrace: UnityEngine.Debug:LogWarningFormat(String, Object[])
                         SanAndreasUnity.Importing.Conversion.Geometry:Convert(Material, TextureDictionary[], MaterialFlags) (at Assets/Scripts/Importing/Conversion/Geometry.cs:216)
                         SanAndreasUnity.Importing.Conversion.<GetMaterials>c__AnonStorey2:<>m__0(Material) (at Assets/Scripts/Importing/Conversion/Geometry.cs:586)
                         System.Linq.Enumerable:ToArray(IEnumerable`1)
                         SanAndreasUnity.Importing.Conversion.Geometry:GetMaterials(MaterialFlags, Action`1) (at Assets/Scripts/Importing/Conversion/Geometry.cs:589)
                         SanAndreasUnity.Importing.Conversion.Geometry:GetMaterials(ObjectFlag, Action`1) (at Assets/Scripts/Importing/Conversion/Geometry.cs:568)
                         SanAndreasUnity.Behaviours.World.StaticGeometry:OnLoad() (at Assets/Scripts/Behaviours/World/StaticGeometry.cs:130)
                         SanAndreasUnity.Behaviours.MapObject:Show() (at Assets/Scripts/Behaviours/MapObject.cs:114)
                         SanAndreasUnity.Behaviours.World.Division:LoadWhile(Func`1) (at Assets/Scripts/Behaviours/World/Division.cs:301)
                         SanAndreasUnity.Behaviours.World.Cell:Update() (at Assets/Scripts/Behaviours/World/Cell.cs:127)

