[01:47:16] Main/Log: Name: Player => None
[01:47:16] Main/Log: Name: Player => None
[01:47:16] Main/Log: Name: Player => None
[01:47:16] Main/Log: Name: Player => None
[01:47:16] Main/Log: Name: Player => None
[01:47:16] Main/Log: Name: PlayerModel => None
[01:47:16] Main/Log: Name: PlayerModel => None
[01:47:16] Main/Log: Name: PlayerModel => None
[01:47:16] Main/Log: Name: PlayerModel => None
[01:47:16] Main/Log: Name: PlayerModel => None
[01:47:16] Main/Log: Name: PlayerModel => None
[01:47:16] Main/Log: Name: PlayerModel => None
[01:47:16] Main/Log: Name: PlayerModel => None
[01:47:16] Main/Log: Name: PlayerModel => None
[01:47:16] Main/Log: Name: PlayerModel => None
[01:47:16] Main/Log: Name: PlayerModel => None
[01:47:16] Main/Log: Name: PlayerModel => None
[01:47:16] Main/Log: Name: PlayerModel => None
[01:47:16] Main/Log: Name: PlayerModel => None
[01:47:16] Main/Log: Name: PlayerModel => None
[01:47:16] Main/Log: Name: PlayerModel => None
[01:47:16] Main/Log: Name: PlayerModel => None
[01:47:16] Main/Log: Name: PlayerModel => None
[01:47:16] Main/Log: Name: PlayerModel => None
[01:47:16] Main/Log: Name: PlayerModel => None
[01:47:16] Main/Log: Name: PlayerModel => None
[01:47:16] Main/Log: Name: PlayerModel => None
[01:47:16] Main/Log: Name: PlayerModel => None
[01:47:16] Main/Log: Name: PlayerModel => None
[01:47:16] Main/Log: Name: PlayerModel => None
[01:47:16] Main/Log: Name: PlayerModel => None
[01:47:16] Main/Log: Name: PlayerModel => None
[01:47:16] Main/Log: Name: PlayerModel => None
[01:47:16] Main/Log: Name: PlayerModel => None
[01:47:16] Main/Log: Name: PlayerModel => None
[01:47:16] Main/Log: Name: PlayerModel => None
[01:47:16] Main/Log: Name: Camera => None
[01:47:16] Main/Log: Name: Camera => None
[01:47:16] Main/Log: Name: Camera => None
[01:47:16] Main/Log: Name: Camera => None
[01:47:16] Main/Log: Name: Camera => None
[01:47:16] Main/Log: Name: Camera => None
[01:47:16] Main/Log: Name: Camera => None
[01:47:16] Main/Log: Name: Camera => None
[01:47:16] Main/Log: DirectX: 45
[01:47:16] Main/Log: Max FPS: -1
[01:47:16] Main/Log: Time set to Midnight! (54000)
[01:47:16] Main/Log: Started loading GTA.
[01:47:16] Main/Log: Loading loose archive: D:/JUEGOS/KPS GTA San Andreas
[01:47:16] Main/Log: Loading image archive: D:/JUEGOS/KPS GTA San Andreas/models/gta3.img
[01:47:16] Main/Log: New image archive extension: ".dff" for: "bbb_lr_slv1.dff"
[01:47:16] Main/Log: New image archive extension: ".col" for: "veh_mods.col"
[01:47:16] Main/Log: New image archive extension: ".txd" for: "bistro.txd"
[01:47:16] Main/Log: New image archive extension: ".ipl" for: "levelmap_stream0.ipl"
[01:47:16] Main/Log: New image archive extension: ".ifp" for: "levelxre.ifp"
[01:47:16] Main/Log: New image archive extension: ".dat" for: "nodes0.dat"
[01:47:16] Main/Log: Loading image archive: D:/JUEGOS/KPS GTA San Andreas/models/gta_int.img
[01:47:16] Main/Log: New image archive extension: ".dff" for: "ammo_box_c2.dff"
[01:47:16] Main/Log: New image archive extension: ".txd" for: "barrier.txd"
[01:47:16] Main/Log: New image archive extension: ".col" for: "proc_int.col"
[01:47:16] Main/Log: New image archive extension: ".ifp" for: "props2.ifp"
[01:47:16] Main/Log: New image archive extension: ".ipl" for: "int_la_stream0.ipl"
[01:47:16] Main/Log: Loading image archive: D:/JUEGOS/KPS GTA San Andreas/models/player.img
[01:47:16] Main/Log: New image archive extension: ".dff" for: "afro.dff"
[01:47:16] Main/Log: New image archive extension: ".txd" for: "10ls.txd"
[01:47:16] Main/Log: Loading image archive: D:/JUEGOS/KPS GTA San Andreas/anim/anim.img
[01:47:16] Main/Log: New image archive extension: ".ifp" for: "airport.ifp"
[01:47:16] Main/Log: Loading image archive: D:/JUEGOS/KPS GTA San Andreas/anim/cuts.img
[01:47:16] Main/Log: New image archive extension: ".ifp" for: "bcesa4w.ifp"
[01:47:16] Main/Log: New image archive extension: ".cut" for: "bcesa4w.cut"
[01:47:16] Main/Log: New image archive extension: ".dat" for: "bcesa4w.dat"
[01:47:16] Main/Log: Loading image archive: D:/JUEGOS/KPS GTA San Andreas/models/cutscene.img
[01:47:16] Main/Log: New image archive extension: ".dff" for: "beer_girla.dff"
[01:47:16] Main/Log: New image archive extension: ".txd" for: "beer_girla.txd"
[01:47:16] Main/Log: Loading image archive: D:/JUEGOS/KPS GTA San Andreas/data/paths/carrec.img
[01:47:16] Main/Log: New image archive extension: ".rrr" for: "carrec001.rrr"
[01:47:16] Main/Log: Loading image archive: D:/JUEGOS/KPS GTA San Andreas/data/script/script.img
[01:47:16] Main/Log: New image archive extension: ".scm" for: "aaa.scm"
[01:47:16] Main/Log: Archive load time: 532,38 ms
[01:47:16] Main/Warning: Error while reading peds.col at 0x1834 (28%)
             Stacktrace: UnityEngine.Debug:LogWarningFormat(String, Object[])
                         SanAndreasUnity.Importing.Collision.CollisionFile:Load(String) (at Assets/Scripts/Importing/Collision/CollisionFile.cs:72)
                         SanAndreasUnity.Behaviours.Loader:StaticUpdate() (at Assets/Scripts/Behaviours/Loader.cs:88)
                         SanAndreasUnity.Behaviours.Loader:Update() (at Assets/Scripts/Behaviours/Loader.cs:172)

[01:47:16] Main/Warning: Requested value 'OLL?' was not found.
             Stacktrace: UnityEngine.Debug:LogWarning(Object)
                         SanAndreasUnity.Importing.Collision.CollisionFile:Load(String) (at Assets/Scripts/Importing/Collision/CollisionFile.cs:74)
                         SanAndreasUnity.Behaviours.Loader:StaticUpdate() (at Assets/Scripts/Behaviours/Loader.cs:88)
                         SanAndreasUnity.Behaviours.Loader:Update() (at Assets/Scripts/Behaviours/Loader.cs:172)

[01:47:16] Main/Log: Known problem (size off by one). Attempting to fix by adjusting read pointer...
[01:47:16] Main/Warning: Error while reading peds.col at 0x232f (41%)
             Stacktrace: UnityEngine.Debug:LogWarningFormat(String, Object[])
                         SanAndreasUnity.Importing.Collision.CollisionFile:Load(String) (at Assets/Scripts/Importing/Collision/CollisionFile.cs:72)
                         SanAndreasUnity.Behaviours.Loader:StaticUpdate() (at Assets/Scripts/Behaviours/Loader.cs:88)
                         SanAndreasUnity.Behaviours.Loader:Update() (at Assets/Scripts/Behaviours/Loader.cs:172)

[01:47:16] Main/Warning: Requested value 'OLL?' was not found.
             Stacktrace: UnityEngine.Debug:LogWarning(Object)
                         SanAndreasUnity.Importing.Collision.CollisionFile:Load(String) (at Assets/Scripts/Importing/Collision/CollisionFile.cs:74)
                         SanAndreasUnity.Behaviours.Loader:StaticUpdate() (at Assets/Scripts/Behaviours/Loader.cs:88)
                         SanAndreasUnity.Behaviours.Loader:Update() (at Assets/Scripts/Behaviours/Loader.cs:172)

[01:47:16] Main/Log: Known problem (size off by one). Attempting to fix by adjusting read pointer...
[01:47:16] Main/Log: Known problem (duplicate ct_man2 collision). Skipping...
[01:47:16] Main/Warning: Error while reading peds.col at 0x4c12 (90%)
             Stacktrace: UnityEngine.Debug:LogWarningFormat(String, Object[])
                         SanAndreasUnity.Importing.Collision.CollisionFile:Load(String) (at Assets/Scripts/Importing/Collision/CollisionFile.cs:72)
                         SanAndreasUnity.Behaviours.Loader:StaticUpdate() (at Assets/Scripts/Behaviours/Loader.cs:88)
                         SanAndreasUnity.Behaviours.Loader:Update() (at Assets/Scripts/Behaviours/Loader.cs:172)

[01:47:16] Main/Warning: Requested value 'OLL?' was not found.
             Stacktrace: UnityEngine.Debug:LogWarning(Object)
                         SanAndreasUnity.Importing.Collision.CollisionFile:Load(String) (at Assets/Scripts/Importing/Collision/CollisionFile.cs:74)
                         SanAndreasUnity.Behaviours.Loader:StaticUpdate() (at Assets/Scripts/Behaviours/Loader.cs:88)
                         SanAndreasUnity.Behaviours.Loader:Update() (at Assets/Scripts/Behaviours/Loader.cs:172)

[01:47:16] Main/Log: Known problem (size off by one). Attempting to fix by adjusting read pointer...
[01:47:17] Main/Log: Number of collision files 254
[01:47:17] Main/Log: Collision load time: 270,16 ms
[01:47:18] Main/Log: Item info load time: 987,39 ms
[01:47:18] Main/Log: Handling info load time: 22,49 ms
[01:47:18] Main/Log: Animation group info load time: 4,78 ms
[01:47:18] Main/Log: Entries: 199
[01:47:18] Main/Log: Car color info load time: 11,92 ms
[01:47:18] Main/Warning: Invalid texture used for cursor - check importer settings
             Stacktrace: UnityEngine.Cursor:SetCursor(Texture2D, Vector2, CursorMode)
                         SanAndreasUnity.Behaviours.Loader:StaticUpdate() (at Assets/Scripts/Behaviours/Loader.cs:160)
                         SanAndreasUnity.Behaviours.Loader:Update() (at Assets/Scripts/Behaviours/Loader.cs:172)

[01:47:18] Main/Log: special texture load time: 42,37 ms
[01:47:18] Main/Log: GTA loading finished.
[01:47:20] Main/Log: Num static geometries 45088.
[01:47:20] Main/Log: Num parked vehicles 1045.
[01:47:20] Main/Log: Cell partitioning time: 2500,05 ms
[01:47:20] Main/Log: Loading water file: "D:/JUEGOS/KPS GTA San Andreas/data/water.dat" with 307 faces
[01:47:20] Main/Log: Water load time: 31,44 ms
[01:47:20] Main/Log: 666
[01:47:20] Main/Log: 333
[01:47:20] Main/Log: 222
[01:47:20] Main/Log: 111
[01:47:20] Main/Log: 000
[01:47:20] Main/Log: Noise gen time: 11,83 ms
[01:47:20] Main/Log: 111
[01:47:20] Main/Log: 000
[01:47:20] Main/Log: 111
[01:47:20] Main/Log: 000
[01:47:20] Main/Log: Loading pedestrian model after startup.
[01:47:20] Main/Log: 999
[01:47:20] Main/Log: 888
[01:47:20] Main/Log: 888
[01:47:20] Main/Log: 888
[01:47:20] Main/Log: 777
[01:47:20] Main/Log: 555
[01:47:20] Main/Log: 333
[01:47:20] Main/Log: 222
[01:47:20] Main/Log: 111
[01:47:20] Main/Log: 000
[01:47:20] Main/Log: 888
[01:47:20] Main/Log: 888
[01:47:20] Main/Log: 888
[01:47:20] Main/Log: 888
[01:47:20] Main/Log: 888
[01:47:20] Main/Log: 888
[01:47:20] Main/Log: 888
[01:47:20] Main/Log: 888
[01:47:20] Main/Log: 888
[01:47:20] Main/Log: 888
[01:47:20] Main/Log: 888
[01:47:20] Main/Log: 888
[01:47:20] Main/Log: 888
[01:47:20] Main/Log: 888
[01:47:20] Main/Log: 888
[01:47:20] Main/Log: 888
[01:47:20] Main/Log: 888
[01:47:20] Main/Log: 888
[01:47:20] Main/Log: 888
[01:47:20] Main/Log: 888
[01:47:20] Main/Log: 888
[01:47:20] Main/Log: 888
[01:47:20] Main/Log: 888
[01:47:20] Main/Log: 888
[01:47:20] Main/Log: 888
[01:47:20] Main/Log: 888
[01:47:20] Main/Log: 888
[01:47:20] Main/Log: 888
[01:47:20] Main/Log: 888
[01:47:20] Main/Log: 888
[01:47:21] Main/Log: 666
[01:47:21] Main/Log: 333
[01:47:21] Main/Log: 222
[01:47:21] Main/Log: 111
[01:47:21] Main/Log: 000
[01:47:21] Main/Log: 666
[01:47:21] Main/Log: 333
[01:47:21] Main/Log: 666
[01:47:21] Main/Log: 333
[01:47:21] Main/Log: 666
[01:47:21] Main/Log: 333
[01:47:21] Main/Log: 666
[01:47:21] Main/Log: 333
[01:47:21] Main/Log: 666
[01:47:21] Main/Log: 333
[01:47:21] Main/Log: 222
[01:47:21] Main/Log: 111
[01:47:21] Main/Log: 000
[01:47:21] Main/Log: 111
[01:47:21] Main/Log: 000
[01:47:21] Main/Log: 666
[01:47:21] Main/Log: 333
[01:47:21] Main/Log: 666
[01:47:21] Main/Log: 333
[01:47:21] Main/Log: 222
[01:47:21] Main/Log: 111
[01:47:21] Main/Log: 000
[01:47:21] Main/Log: 111
[01:47:21] Main/Log: 000
[01:47:21] Main/Log: 111
[01:47:21] Main/Log: 000
[01:47:21] Main/Log: 111
[01:47:21] Main/Log: 000
[01:47:21] Main/Log: 666
[01:47:21] Main/Log: 333
[01:47:21] Main/Log: 666
[01:47:21] Main/Log: 333
[01:47:21] Main/Log: 666
[01:47:21] Main/Log: 333
[01:47:21] Main/Log: 666
[01:47:21] Main/Log: 333
[01:47:21] Main/Log: 666
[01:47:21] Main/Log: 333
[01:47:21] Main/Log: 666
[01:47:21] Main/Log: 333
[01:47:21] Main/Log: 666
[01:47:21] Main/Log: 333
[01:47:21] Main/Log: 222
[01:47:21] Main/Log: 111
[01:47:21] Main/Log: 000
[01:47:21] Main/Log: 111
[01:47:21] Main/Log: 000
[01:47:21] Main/Log: 111
[01:47:21] Main/Log: 000
[01:47:21] Main/Log: 666
[01:47:21] Main/Log: 333
[01:47:21] Main/Log: 222
[01:47:21] Main/Log: 111
[01:47:21] Main/Log: 000
[01:47:21] Main/Log: 111
[01:47:21] Main/Log: 000
[01:47:21] Main/Log: 666
[01:47:21] Main/Log: 333
[01:47:21] Main/Log: 666
[01:47:21] Main/Log: 333
[01:47:21] Main/Log: 666
[01:47:21] Main/Log: 333
[01:47:21] Main/Log: 222
[01:47:21] Main/Log: 111
[01:47:21] Main/Log: 000
[01:47:21] Main/Log: 111
[01:47:21] Main/Log: 000
[01:47:21] Main/Log: 111
[01:47:21] Main/Log: 000
[01:47:21] Main/Log: 666
[01:47:21] Main/Log: 333
[01:47:21] Main/Log: 666
[01:47:21] Main/Log: 333
[01:47:21] Main/Log: 222
[01:47:21] Main/Log: 111
[01:47:21] Main/Log: 000
[01:47:21] Main/Log: 666
[01:47:21] Main/Log: 333
[01:47:21] Main/Log: 222
[01:47:21] Main/Log: 111
[01:47:21] Main/Log: 000
[01:47:21] Main/Log: 111
[01:47:21] Main/Log: 000
[01:47:21] Main/Log: 111
[01:47:21] Main/Log: 000
[01:47:21] Main/Log: 111
[01:47:21] Main/Log: 000
[01:47:21] Main/Log: 666
[01:47:21] Main/Log: 333
[01:47:21] Main/Log: 666
[01:47:21] Main/Log: 333
[01:47:21] Main/Log: 666
[01:47:21] Main/Log: 333
[01:47:21] Main/Log: 222
[01:47:21] Main/Log: 111
[01:47:21] Main/Log: 000
[01:47:21] Main/Log: 111
[01:47:21] Main/Log: 000
[01:47:21] Main/Log: 666
[01:47:21] Main/Log: 333
[01:47:21] Main/Log: 666
[01:47:21] Main/Log: 333
[01:47:21] Main/Log: 666
[01:47:21] Main/Log: 333
[01:47:21] Main/Log: 666
[01:47:21] Main/Log: 333
[01:47:21] Main/Log: 666
[01:47:21] Main/Log: 333
[01:47:21] Main/Log: 222
[01:47:21] Main/Log: 111
[01:47:21] Main/Log: 000
[01:47:21] Main/Log: 111
[01:47:21] Main/Log: 000
[01:47:21] Main/Log: 111
[01:47:21] Main/Log: 000
[01:47:21] Main/Log: 666
[01:47:21] Main/Log: 333
[01:47:21] Main/Log: 666
[01:47:21] Main/Log: 333
[01:47:21] Main/Log: 666
[01:47:21] Main/Log: 333
[01:47:21] Main/Log: 666
[01:47:21] Main/Log: 333
[01:47:21] Main/Log: 666
[01:47:21] Main/Log: 333
[01:47:21] Main/Log: 666
[01:47:21] Main/Log: 333
[01:47:21] Main/Log: 666
[01:47:21] Main/Log: 333
[01:47:21] Main/Log: 666
[01:47:21] Main/Log: 333
[01:47:21] Main/Log: 666
[01:47:21] Main/Log: 333
[01:47:21] Main/Log: 666
[01:47:21] Main/Log: 333
[01:47:21] Main/Log: 666
[01:47:21] Main/Log: 333
[01:47:21] Main/Log: 666
[01:47:21] Main/Log: 333
[01:47:21] Main/Log: 666
[01:47:21] Main/Log: 333
[01:47:21] Main/Log: 666
[01:47:21] Main/Log: 333
[01:47:21] Main/Log: 666
[01:47:21] Main/Log: 333
[01:47:21] Main/Log: 666
[01:47:21] Main/Log: 333
[01:47:21] Main/Log: 666
[01:47:21] Main/Log: 333
[01:47:21] Main/Log: 222
[01:47:21] Main/Log: 111
[01:47:21] Main/Log: 000
[01:47:21] Main/Log: 666
[01:47:21] Main/Log: 333
[01:47:21] Main/Log: 666
[01:47:21] Main/Log: 333
[01:47:21] Main/Log: 666
[01:47:21] Main/Log: 333
[01:47:21] Main/Log: 666
[01:47:21] Main/Log: 333
[01:47:21] Main/Log: 666
[01:47:21] Main/Log: 333
[01:47:21] Main/Log: 666
[01:47:21] Main/Log: 333
[01:47:21] Main/Log: 222
[01:47:21] Main/Log: 111
[01:47:21] Main/Log: 000
[01:47:21] Main/Log: 111
[01:47:21] Main/Log: 000
[01:47:21] Main/Log: 666
[01:47:21] Main/Log: 333
[01:47:21] Main/Log: 666
[01:47:21] Main/Log: 333
[01:47:21] Main/Log: 666
[01:47:21] Main/Log: 333
[01:47:21] Main/Log: 666
[01:47:21] Main/Log: 333
[01:47:21] Main/Log: 666
[01:47:21] Main/Log: 333
[01:47:21] Main/Log: 666
[01:47:21] Main/Log: 333
[01:47:21] Main/Log: 666
[01:47:21] Main/Log: 333
[01:47:21] Main/Log: 666
[01:47:21] Main/Log: 333
[01:47:21] Main/Log: 666
[01:47:21] Main/Log: 333
[01:47:21] Main/Log: 222
[01:47:21] Main/Log: 111
[01:47:21] Main/Log: 000
[01:47:21] Main/Log: 111
[01:47:21] Main/Log: 000
[01:47:21] Main/Log: 111
[01:47:21] Main/Log: 000
[01:47:21] Main/Log: 111
[01:47:21] Main/Log: 000
[01:47:21] Main/Log: 111
[01:47:21] Main/Log: 000
[01:47:21] Main/Log: 111
[01:47:21] Main/Log: 000
[01:47:21] Main/Log: 111
[01:47:21] Main/Log: 000
[01:47:21] Main/Log: 111
[01:47:21] Main/Log: 000
[01:47:21] Main/Log: 111
[01:47:21] Main/Log: 000
[01:47:21] Main/Log: 111
[01:47:21] Main/Log: 000
[01:47:21] Main/Log: 111
[01:47:21] Main/Log: 000
[01:47:21] Main/Log: 666
[01:47:21] Main/Log: 333
[01:47:21] Main/Log: 666
[01:47:21] Main/Log: 333
[01:47:21] Main/Log: 222
[01:47:21] Main/Log: 111
[01:47:21] Main/Log: 000
[01:47:21] Main/Log: 666
[01:47:21] Main/Log: 333
[01:47:21] Main/Log: 666
[01:47:21] Main/Log: 333
[01:47:21] Main/Log: 666
[01:47:21] Main/Log: 333
[01:47:21] Main/Log: 666
[01:47:21] Main/Log: 333
[01:47:21] Main/Log: 666
[01:47:21] Main/Log: 333
[01:47:21] Main/Log: 666
[01:47:21] Main/Log: 333
[01:47:21] Main/Log: 666
[01:47:21] Main/Log: 333
[01:47:21] Main/Log: 666
[01:47:21] Main/Log: 333
[01:47:21] Main/Log: 666
[01:47:21] Main/Log: 333
[01:47:21] Main/Log: 666
[01:47:21] Main/Log: 333
[01:47:21] Main/Log: 222
[01:47:21] Main/Log: 111
[01:47:21] Main/Log: 000
[01:47:21] Main/Log: 111
[01:47:21] Main/Log: 000
[01:47:21] Main/Log: 111
[01:47:21] Main/Log: 000
[01:47:21] Main/Log: 111
[01:47:21] Main/Log: 000
[01:47:21] Main/Log: 666
[01:47:21] Main/Log: 333
[01:47:21] Main/Log: 666
[01:47:21] Main/Log: 333
[01:47:21] Main/Log: 666
[01:47:21] Main/Log: 333
[01:47:21] Main/Log: 666
[01:47:21] Main/Log: 333
[01:47:21] Main/Log: 666
[01:47:21] Main/Log: 333
[01:47:21] Main/Log: 666
[01:47:21] Main/Log: 333
[01:47:21] Main/Log: 666
[01:47:21] Main/Log: 333
[01:47:21] Main/Log: 666
[01:47:21] Main/Log: 333
[01:47:21] Main/Log: 666
[01:47:21] Main/Log: 333
[01:47:21] Main/Log: 666
[01:47:21] Main/Log: 333
[01:47:21] Main/Log: 666
[01:47:21] Main/Log: 333
[01:47:21] Main/Log: 666
[01:47:21] Main/Log: 333
[01:47:21] Main/Log: 666
[01:47:21] Main/Log: 333
[01:47:21] Main/Log: 666
[01:47:21] Main/Log: 333
[01:47:21] Main/Log: 666
[01:47:21] Main/Log: 333
[01:47:21] Main/Log: 666
[01:47:21] Main/Log: 333
[01:47:21] Main/Log: 666
[01:47:21] Main/Log: 333
[01:47:21] Main/Log: 666
[01:47:21] Main/Log: 333
[01:47:21] Main/Log: 666
[01:47:21] Main/Log: 333
[01:47:21] Main/Log: 666
[01:47:21] Main/Log: 333
[01:47:21] Main/Log: 666
[01:47:21] Main/Log: 333
[01:47:21] Main/Log: 666
[01:47:21] Main/Log: 333
[01:47:21] Main/Log: 666
[01:47:21] Main/Log: 333
[01:47:21] Main/Log: 666
[01:47:21] Main/Log: 333
[01:47:21] Main/Log: 666
[01:47:21] Main/Log: 333
[01:47:21] Main/Log: 666
[01:47:21] Main/Log: 333
[01:47:21] Main/Log: 666
[01:47:21] Main/Log: 333
[01:47:21] Main/Log: 666
[01:47:21] Main/Log: 333
[01:47:21] Main/Log: 666
[01:47:21] Main/Log: 333
[01:47:21] Main/Log: 666
[01:47:21] Main/Log: 333
[01:47:21] Main/Log: 666
[01:47:21] Main/Log: 333
[01:47:21] Main/Log: 666
[01:47:21] Main/Log: 333
[01:47:21] Main/Log: 666
[01:47:21] Main/Log: 333
[01:47:21] Main/Log: 222
[01:47:21] Main/Log: 111
[01:47:21] Main/Log: 000
[01:47:21] Main/Log: 666
[01:47:21] Main/Log: 333
[01:47:21] Main/Log: 666
[01:47:21] Main/Log: 333
[01:47:21] Main/Log: 666
[01:47:21] Main/Log: 333
[01:47:21] Main/Log: 666
[01:47:21] Main/Log: 333
[01:47:21] Main/Log: 666
[01:47:21] Main/Log: 333
[01:47:21] Main/Log: 666
[01:47:21] Main/Log: 333
[01:47:21] Main/Log: 666
[01:47:21] Main/Log: 333
[01:47:21] Main/Log: 666
[01:47:21] Main/Log: 333
[01:47:21] Main/Log: 666
[01:47:21] Main/Log: 333
[01:47:21] Main/Log: 666
[01:47:21] Main/Log: 333
[01:47:21] Main/Log: 666
[01:47:21] Main/Log: 333
[01:47:21] Main/Log: 666
[01:47:21] Main/Log: 333
[01:47:21] Main/Log: 666
[01:47:21] Main/Log: 333
[01:47:21] Main/Log: 666
[01:47:21] Main/Log: 333
[01:47:21] Main/Log: 666
[01:47:21] Main/Log: 333
[01:47:21] Main/Log: 666
[01:47:21] Main/Log: 333
[01:47:21] Main/Log: 666
[01:47:21] Main/Log: 333
[01:47:21] Main/Log: 666
[01:47:21] Main/Log: 333
[01:47:21] Main/Log: 666
[01:47:21] Main/Log: 333
[01:47:21] Main/Log: 666
[01:47:21] Main/Log: 333
[01:47:21] Main/Log: 666
[01:47:21] Main/Log: 333
[01:47:21] Main/Log: 666
[01:47:21] Main/Log: 333
[01:47:21] Main/Log: 666
[01:47:21] Main/Log: 333
[01:47:21] Main/Log: 666
[01:47:21] Main/Log: 333
[01:47:21] Main/Log: 666
[01:47:21] Main/Log: 333
[01:47:21] Main/Log: 666
[01:47:21] Main/Log: 333
[01:47:21] Main/Log: 666
[01:47:21] Main/Log: 333
[01:47:21] Main/Log: 666
[01:47:21] Main/Log: 333
[01:47:21] Main/Log: 666
[01:47:21] Main/Log: 333
[01:47:21] Main/Log: 666
[01:47:21] Main/Log: 333
[01:47:21] Main/Log: 666
[01:47:21] Main/Log: 333
[01:47:21] Main/Log: 666
[01:47:21] Main/Log: 333
[01:47:21] Main/Log: 666
[01:47:21] Main/Log: 333
[01:47:21] Main/Log: 666
[01:47:21] Main/Log: 333
[01:47:21] Main/Exception: ArgumentException: File "vegaswaterfall02.dff" is not a Clump!
                           Parameter name: name

               Stacktrace: SanAndreasUnity.Importing.Archive.ArchiveManager.ReadFile[TSection] (System.String name) (at Assets/Scripts/Importing/Archive/ArchiveManager.cs:70)
                           SanAndreasUnity.Importing.Conversion.Geometry.Load (System.String modelName, SanAndreasUnity.Importing.Conversion.TextureDictionary[] txds) (at Assets/Scripts/Importing/Conversion/Geometry.cs:520)
                           SanAndreasUnity.Importing.Conversion.Geometry.Load (System.String modelName, System.String[] texDictNames) (at Assets/Scripts/Importing/Conversion/Geometry.cs:508)
                           SanAndreasUnity.Behaviours.World.StaticGeometry.OnLoad () (at Assets/Scripts/Behaviours/World/StaticGeometry.cs:122)
                           SanAndreasUnity.Behaviours.MapObject.Show () (at Assets/Scripts/Behaviours/MapObject.cs:118)
                           SanAndreasUnity.Behaviours.World.Division.LoadWhile (System.Func`1[TResult] predicate) (at Assets/Scripts/Behaviours/World/Division.cs:308)
                           SanAndreasUnity.Behaviours.World.Cell.Update () (at Assets/Scripts/Behaviours/World/Cell.cs:132)

[01:47:21] Main/Log: 666
[01:47:21] Main/Log: 333
[01:47:21] Main/Log: 666
[01:47:21] Main/Log: 333
[01:47:21] Main/Log: 666
[01:47:21] Main/Log: 333
[01:47:21] Main/Log: 666
[01:47:21] Main/Log: 333
[01:47:21] Main/Log: 666
[01:47:21] Main/Log: 333
[01:47:21] Main/Log: 666
[01:47:21] Main/Log: 333
[01:47:21] Main/Log: 666
[01:47:21] Main/Log: 333
[01:47:21] Main/Log: 222
[01:47:21] Main/Log: 111
[01:47:21] Main/Log: 000
[01:47:21] Main/Log: 111
[01:47:21] Main/Log: 000
[01:47:21] Main/Log: 666
[01:47:21] Main/Log: 333
[01:47:21] Main/Log: 222
[01:47:21] Main/Log: 111
[01:47:21] Main/Log: 000
[01:47:21] Main/Log: 111
[01:47:21] Main/Log: 000
[01:47:21] Main/Log: 111
[01:47:21] Main/Log: 000
[01:47:21] Main/Log: 666
[01:47:21] Main/Log: 333
[01:47:21] Main/Log: 666
[01:47:21] Main/Log: 333
[01:47:21] Main/Log: 222
[01:47:21] Main/Log: 111
[01:47:21] Main/Log: 000
[01:47:21] Main/Log: 666
[01:47:21] Main/Log: 333
[01:47:21] Main/Log: 666
[01:47:21] Main/Log: 333
[01:47:21] Main/Log: 666
[01:47:21] Main/Log: 333
[01:47:21] Main/Log: 666
[01:47:21] Main/Log: 333
[01:47:21] Main/Log: 666
[01:47:21] Main/Log: 333
[01:47:21] Main/Log: 666
[01:47:21] Main/Log: 333
[01:47:21] Main/Log: 666
[01:47:21] Main/Log: 333
[01:47:21] Main/Log: 222
[01:47:21] Main/Log: 111
[01:47:21] Main/Log: 000
[01:47:21] Main/Log: 111
[01:47:21] Main/Log: 000
[01:47:21] Main/Log: 111
[01:47:21] Main/Log: 000
[01:47:21] Main/Log: 111
[01:47:21] Main/Log: 000
[01:47:21] Main/Log: 111
[01:47:21] Main/Log: 000
[01:47:21] Main/Log: 666
[01:47:21] Main/Log: 333
[01:47:21] Main/Log: 666
[01:47:21] Main/Log: 333
[01:47:22] Main/Log: 666
[01:47:22] Main/Log: 333
[01:47:22] Main/Log: 666
[01:47:22] Main/Log: 333
[01:47:22] Main/Log: 666
[01:47:22] Main/Log: 333
[01:47:22] Main/Log: 666
[01:47:22] Main/Log: 333
[01:47:22] Main/Log: 666
[01:47:22] Main/Log: 333
[01:47:22] Main/Log: 666
[01:47:22] Main/Log: 333
[01:47:22] Main/Log: 666
[01:47:22] Main/Log: 333
[01:47:22] Main/Log: 666
[01:47:22] Main/Log: 333
[01:47:22] Main/Log: 666
[01:47:22] Main/Log: 333
