[07:40:54] Main/Log: Name: Player => None
[07:40:54] Main/Log: Name: Player => None
[07:40:54] Main/Log: Name: Player => None
[07:40:54] Main/Log: Name: Player => None
[07:40:54] Main/Log: Name: Player => None
[07:40:54] Main/Log: Name: PlayerModel => None
[07:40:54] Main/Log: Name: PlayerModel => None
[07:40:54] Main/Log: Name: PlayerModel => None
[07:40:54] Main/Log: Name: PlayerModel => None
[07:40:54] Main/Log: Name: PlayerModel => None
[07:40:54] Main/Log: Name: PlayerModel => None
[07:40:54] Main/Log: Name: PlayerModel => None
[07:40:54] Main/Log: Name: PlayerModel => None
[07:40:54] Main/Log: Name: PlayerModel => None
[07:40:54] Main/Log: Name: PlayerModel => None
[07:40:54] Main/Log: Name: PlayerModel => None
[07:40:54] Main/Log: Name: PlayerModel => None
[07:40:54] Main/Log: Name: PlayerModel => None
[07:40:54] Main/Log: Name: PlayerModel => None
[07:40:54] Main/Log: Name: PlayerModel => None
[07:40:54] Main/Log: Name: PlayerModel => None
[07:40:54] Main/Log: Name: PlayerModel => None
[07:40:54] Main/Log: Name: PlayerModel => None
[07:40:54] Main/Log: Name: PlayerModel => None
[07:40:54] Main/Log: Name: PlayerModel => None
[07:40:54] Main/Log: Name: PlayerModel => None
[07:40:54] Main/Log: Name: PlayerModel => None
[07:40:54] Main/Log: Name: PlayerModel => None
[07:40:54] Main/Log: Name: PlayerModel => None
[07:40:54] Main/Log: Name: PlayerModel => None
[07:40:54] Main/Log: Name: PlayerModel => None
[07:40:54] Main/Log: Name: PlayerModel => None
[07:40:54] Main/Log: Name: PlayerModel => None
[07:40:54] Main/Log: Name: PlayerModel => None
[07:40:54] Main/Log: Name: PlayerModel => None
[07:40:54] Main/Log: Name: PlayerModel => None
[07:40:54] Main/Log: Name: PlayerModel => None
[07:40:54] Main/Log: Name: PlayerModel => None
[07:40:54] Main/Log: Name: PlayerModel => None
[07:40:54] Main/Log: Name: PlayerModel => None
[07:40:54] Main/Log: Name: PlayerModel => None
[07:40:54] Main/Log: Name: PlayerModel => None
[07:40:54] Main/Log: Name: PlayerModel => None
[07:40:54] Main/Log: Name: Camera => None
[07:40:54] Main/Log: Name: Camera => None
[07:40:54] Main/Log: Name: Camera => None
[07:40:54] Main/Log: Name: Camera => None
[07:40:54] Main/Log: Name: Camera => None
[07:40:54] Main/Log: Name: Camera => None
[07:40:54] Main/Log: Name: Camera => None
[07:40:54] Main/Log: Name: Camera => None
[07:40:54] Main/Log: DirectX: 45
[07:40:54] Main/Log: Max FPS: -1
[07:40:54] Main/Log: Time set to Midnight! (54000)
[07:40:54] Main/Log: Started loading GTA.
[07:40:54] Main/Log: Loading loose archive: D:/JUEGOS/KPS GTA San Andreas
[07:40:54] Main/Log: Loading image archive: D:/JUEGOS/KPS GTA San Andreas/models/gta3.img
[07:40:54] Main/Log: New image archive extension: ".dff" for: "bbb_lr_slv1.dff"
[07:40:54] Main/Log: New image archive extension: ".col" for: "veh_mods.col"
[07:40:54] Main/Log: New image archive extension: ".txd" for: "bistro.txd"
[07:40:54] Main/Log: New image archive extension: ".ipl" for: "levelmap_stream0.ipl"
[07:40:54] Main/Log: New image archive extension: ".ifp" for: "levelxre.ifp"
[07:40:54] Main/Log: New image archive extension: ".dat" for: "nodes0.dat"
[07:40:54] Main/Log: Loading image archive: D:/JUEGOS/KPS GTA San Andreas/models/gta_int.img
[07:40:54] Main/Log: New image archive extension: ".dff" for: "ammo_box_c2.dff"
[07:40:54] Main/Log: New image archive extension: ".txd" for: "barrier.txd"
[07:40:54] Main/Log: New image archive extension: ".col" for: "proc_int.col"
[07:40:54] Main/Log: New image archive extension: ".ifp" for: "props2.ifp"
[07:40:54] Main/Log: New image archive extension: ".ipl" for: "int_la_stream0.ipl"
[07:40:54] Main/Log: Loading image archive: D:/JUEGOS/KPS GTA San Andreas/models/player.img
[07:40:54] Main/Log: New image archive extension: ".dff" for: "afro.dff"
[07:40:54] Main/Log: New image archive extension: ".txd" for: "10ls.txd"
[07:40:54] Main/Log: Loading image archive: D:/JUEGOS/KPS GTA San Andreas/anim/anim.img
[07:40:54] Main/Log: New image archive extension: ".ifp" for: "airport.ifp"
[07:40:54] Main/Log: Loading image archive: D:/JUEGOS/KPS GTA San Andreas/anim/cuts.img
[07:40:54] Main/Log: New image archive extension: ".ifp" for: "bcesa4w.ifp"
[07:40:54] Main/Log: New image archive extension: ".cut" for: "bcesa4w.cut"
[07:40:54] Main/Log: New image archive extension: ".dat" for: "bcesa4w.dat"
[07:40:54] Main/Log: Loading image archive: D:/JUEGOS/KPS GTA San Andreas/models/cutscene.img
[07:40:54] Main/Log: New image archive extension: ".dff" for: "beer_girla.dff"
[07:40:54] Main/Log: New image archive extension: ".txd" for: "beer_girla.txd"
[07:40:54] Main/Log: Loading image archive: D:/JUEGOS/KPS GTA San Andreas/data/paths/carrec.img
[07:40:54] Main/Log: New image archive extension: ".rrr" for: "carrec001.rrr"
[07:40:54] Main/Log: Loading image archive: D:/JUEGOS/KPS GTA San Andreas/data/script/script.img
[07:40:54] Main/Log: New image archive extension: ".scm" for: "aaa.scm"
[07:40:54] Main/Log: Archive load time: 524,15 ms
[07:40:55] Main/Warning: Error while reading peds.col at 0x1834 (28%)
             Stacktrace: UnityEngine.Debug:LogWarningFormat(String, Object[])
                         SanAndreasUnity.Importing.Collision.CollisionFile:Load(String) (at Assets/Scripts/Importing/Collision/CollisionFile.cs:72)
                         SanAndreasUnity.Behaviours.Loader:StaticUpdate() (at Assets/Scripts/Behaviours/Loader.cs:88)
                         SanAndreasUnity.Behaviours.Loader:Update() (at Assets/Scripts/Behaviours/Loader.cs:172)

[07:40:55] Main/Warning: Requested value 'OLL?' was not found.
             Stacktrace: UnityEngine.Debug:LogWarning(Object)
                         SanAndreasUnity.Importing.Collision.CollisionFile:Load(String) (at Assets/Scripts/Importing/Collision/CollisionFile.cs:74)
                         SanAndreasUnity.Behaviours.Loader:StaticUpdate() (at Assets/Scripts/Behaviours/Loader.cs:88)
                         SanAndreasUnity.Behaviours.Loader:Update() (at Assets/Scripts/Behaviours/Loader.cs:172)

[07:40:55] Main/Log: Known problem (size off by one). Attempting to fix by adjusting read pointer...
[07:40:55] Main/Warning: Error while reading peds.col at 0x232f (41%)
             Stacktrace: UnityEngine.Debug:LogWarningFormat(String, Object[])
                         SanAndreasUnity.Importing.Collision.CollisionFile:Load(String) (at Assets/Scripts/Importing/Collision/CollisionFile.cs:72)
                         SanAndreasUnity.Behaviours.Loader:StaticUpdate() (at Assets/Scripts/Behaviours/Loader.cs:88)
                         SanAndreasUnity.Behaviours.Loader:Update() (at Assets/Scripts/Behaviours/Loader.cs:172)

[07:40:55] Main/Warning: Requested value 'OLL?' was not found.
             Stacktrace: UnityEngine.Debug:LogWarning(Object)
                         SanAndreasUnity.Importing.Collision.CollisionFile:Load(String) (at Assets/Scripts/Importing/Collision/CollisionFile.cs:74)
                         SanAndreasUnity.Behaviours.Loader:StaticUpdate() (at Assets/Scripts/Behaviours/Loader.cs:88)
                         SanAndreasUnity.Behaviours.Loader:Update() (at Assets/Scripts/Behaviours/Loader.cs:172)

[07:40:55] Main/Log: Known problem (size off by one). Attempting to fix by adjusting read pointer...
[07:40:55] Main/Log: Known problem (duplicate ct_man2 collision). Skipping...
[07:40:55] Main/Warning: Error while reading peds.col at 0x4c12 (90%)
             Stacktrace: UnityEngine.Debug:LogWarningFormat(String, Object[])
                         SanAndreasUnity.Importing.Collision.CollisionFile:Load(String) (at Assets/Scripts/Importing/Collision/CollisionFile.cs:72)
                         SanAndreasUnity.Behaviours.Loader:StaticUpdate() (at Assets/Scripts/Behaviours/Loader.cs:88)
                         SanAndreasUnity.Behaviours.Loader:Update() (at Assets/Scripts/Behaviours/Loader.cs:172)

[07:40:55] Main/Warning: Requested value 'OLL?' was not found.
             Stacktrace: UnityEngine.Debug:LogWarning(Object)
                         SanAndreasUnity.Importing.Collision.CollisionFile:Load(String) (at Assets/Scripts/Importing/Collision/CollisionFile.cs:74)
                         SanAndreasUnity.Behaviours.Loader:StaticUpdate() (at Assets/Scripts/Behaviours/Loader.cs:88)
                         SanAndreasUnity.Behaviours.Loader:Update() (at Assets/Scripts/Behaviours/Loader.cs:172)

[07:40:55] Main/Log: Known problem (size off by one). Attempting to fix by adjusting read pointer...
[07:40:55] Main/Log: Number of collision files 254
[07:40:55] Main/Log: Collision load time: 247,73 ms
[07:40:56] Main/Log: Item info load time: 900,76 ms
[07:41:08] Main/Log: Handling info load time: 11848,68 ms
[07:41:08] Main/Log: Animation group info load time: 5,36 ms
[07:41:09] Main/Log: Entries: 199
[07:41:09] Main/Log: Car color info load time: 11,48 ms
[07:41:09] Main/Warning: Invalid texture used for cursor - check importer settings
             Stacktrace: UnityEngine.Cursor:SetCursor(Texture2D, Vector2, CursorMode)
                         SanAndreasUnity.Behaviours.Loader:StaticUpdate() (at Assets/Scripts/Behaviours/Loader.cs:160)
                         SanAndreasUnity.Behaviours.Loader:Update() (at Assets/Scripts/Behaviours/Loader.cs:172)

[07:41:09] Main/Log: special texture load time: 32,61 ms
[07:41:09] Main/Log: GTA loading finished.
[07:41:11] Main/Log: Num static geometries 45088.
[07:41:11] Main/Log: Num parked vehicles 1045.
[07:41:12] Main/Log: Cell partitioning time: 2441,60 ms
[07:41:12] Main/Log: Loading water file: "D:/JUEGOS/KPS GTA San Andreas/data/water.dat" with 307 faces
[07:41:12] Main/Log: Water load time: 29,89 ms
[07:41:12] Main/Log: Noise gen time: 5,30 ms
[07:41:12] Main/Log: Loading pedestrian model after startup.
